2017-12-27 22:48:00,955 CRIT Supervisor running as root (no user in config file)
2017-12-27 22:48:00,955 WARN Included extra file "/etc/supervisor/conf.d/supervisord.conf" during parsing
2017-12-27 22:48:01,005 INFO RPC interface 'supervisor' initialized
2017-12-27 22:48:01,005 CRIT Server 'unix_http_server' running without any HTTP authentication checking
2017-12-27 22:48:01,006 INFO supervisord started with pid 1
2017-12-27 22:48:02,012 INFO spawned: 'varnishd' with pid 13
2017-12-27 22:48:02,022 INFO spawned: 'php-fpm' with pid 14
2017-12-27 22:48:02,029 INFO spawned: 'varnish-plugins-watcher' with pid 15
2017-12-27 22:48:02,047 INFO spawned: 'nginx' with pid 16
2017-12-27 22:48:02,073 INFO spawned: 'MailHog' with pid 17
2017-12-27 22:48:02,112 INFO spawned: 'mysql' with pid 20
2017-12-27 22:48:02,157 INFO spawned: 'varnish-themes-watcher' with pid 22
2017-12-27 22:48:03,685 INFO success: varnishd entered RUNNING state, process has stayed up for > than 1 seconds (startsecs)
2017-12-27 22:48:03,686 INFO success: php-fpm entered RUNNING state, process has stayed up for > than 1 seconds (startsecs)
2017-12-27 22:48:03,686 INFO success: varnish-plugins-watcher entered RUNNING state, process has stayed up for > than 1 seconds (startsecs)
2017-12-27 22:48:03,686 INFO success: nginx entered RUNNING state, process has stayed up for > than 1 seconds (startsecs)
2017-12-27 22:48:03,686 INFO success: MailHog entered RUNNING state, process has stayed up for > than 1 seconds (startsecs)
2017-12-27 22:48:03,687 INFO success: mysql entered RUNNING state, process has stayed up for > than 1 seconds (startsecs)
2017-12-27 22:48:03,687 INFO success: varnish-themes-watcher entered RUNNING state, process has stayed up for > than 1 seconds (startsecs)
2017-12-28 03:21:38,398 CRIT Supervisor running as root (no user in config file)
2017-12-28 03:21:38,399 WARN Included extra file "/etc/supervisor/conf.d/supervisord.conf" during parsing
2017-12-28 03:21:38,838 INFO RPC interface 'supervisor' initialized
2017-12-28 03:21:38,841 CRIT Server 'unix_http_server' running without any HTTP authentication checking
2017-12-28 03:21:38,842 INFO supervisord started with pid 1
2017-12-28 03:21:39,874 INFO spawned: 'varnishd' with pid 28
2017-12-28 03:21:39,902 INFO spawned: 'php-fpm' with pid 29
2017-12-28 03:21:39,988 INFO spawned: 'varnish-plugins-watcher' with pid 30
2017-12-28 03:21:40,109 INFO spawned: 'nginx' with pid 31
2017-12-28 03:21:40,189 INFO spawned: 'MailHog' with pid 32
2017-12-28 03:21:40,247 INFO spawned: 'mysql' with pid 33
2017-12-28 03:21:40,281 INFO spawned: 'varnish-themes-watcher' with pid 37
2017-12-28 03:21:40,791 INFO exited: varnishd (terminated by SIGTERM; not expected)
2017-12-28 03:21:40,931 INFO success: php-fpm entered RUNNING state, process has stayed up for > than 1 seconds (startsecs)
2017-12-28 03:21:41,939 INFO spawned: 'varnishd' with pid 83
2017-12-28 03:21:41,940 INFO success: varnish-plugins-watcher entered RUNNING state, process has stayed up for > than 1 seconds (startsecs)
2017-12-28 03:21:41,940 INFO success: nginx entered RUNNING state, process has stayed up for > than 1 seconds (startsecs)
2017-12-28 03:21:41,941 INFO success: MailHog entered RUNNING state, process has stayed up for > than 1 seconds (startsecs)
2017-12-28 03:21:41,941 INFO success: mysql entered RUNNING state, process has stayed up for > than 1 seconds (startsecs)
2017-12-28 03:21:41,941 INFO success: varnish-themes-watcher entered RUNNING state, process has stayed up for > than 1 seconds (startsecs)
2017-12-28 03:21:42,942 INFO success: varnishd entered RUNNING state, process has stayed up for > than 1 seconds (startsecs)
2018-01-09 21:50:34,273 CRIT Supervisor running as root (no user in config file)
2018-01-09 21:50:34,275 WARN Included extra file "/etc/supervisor/conf.d/supervisord.conf" during parsing
2018-01-09 21:50:34,691 INFO RPC interface 'supervisor' initialized
2018-01-09 21:50:34,692 CRIT Server 'unix_http_server' running without any HTTP authentication checking
2018-01-09 21:50:34,693 INFO supervisord started with pid 1
2018-01-09 21:50:35,735 INFO spawned: 'varnishd' with pid 24
2018-01-09 21:50:35,750 INFO spawned: 'php-fpm' with pid 25
2018-01-09 21:50:35,757 INFO spawned: 'varnish-plugins-watcher' with pid 26
2018-01-09 21:50:35,857 INFO spawned: 'nginx' with pid 27
2018-01-09 21:50:35,944 INFO spawned: 'MailHog' with pid 28
2018-01-09 21:50:35,958 INFO spawned: 'mysql' with pid 29
2018-01-09 21:50:35,985 INFO spawned: 'varnish-themes-watcher' with pid 30
2018-01-09 21:50:37,554 INFO success: varnishd entered RUNNING state, process has stayed up for > than 1 seconds (startsecs)
2018-01-09 21:50:37,554 INFO success: php-fpm entered RUNNING state, process has stayed up for > than 1 seconds (startsecs)
2018-01-09 21:50:37,554 INFO success: varnish-plugins-watcher entered RUNNING state, process has stayed up for > than 1 seconds (startsecs)
2018-01-09 21:50:37,555 INFO success: nginx entered RUNNING state, process has stayed up for > than 1 seconds (startsecs)
2018-01-09 21:50:37,555 INFO success: MailHog entered RUNNING state, process has stayed up for > than 1 seconds (startsecs)
2018-01-09 21:50:37,555 INFO success: mysql entered RUNNING state, process has stayed up for > than 1 seconds (startsecs)
2018-01-09 21:50:37,556 INFO success: varnish-themes-watcher entered RUNNING state, process has stayed up for > than 1 seconds (startsecs)
2018-01-09 21:51:07,568 INFO exited: varnishd (exit status 0; expected)
2018-01-09 21:51:08,575 INFO spawned: 'varnishd' with pid 322
2018-01-09 21:51:09,334 INFO exited: varnishd (terminated by SIGTERM; not expected)
2018-01-09 21:51:09,585 CRIT reaped unknown pid 326)
2018-01-09 21:51:10,592 INFO spawned: 'varnishd' with pid 337
2018-01-09 21:51:11,594 INFO success: varnishd entered RUNNING state, process has stayed up for > than 1 seconds (startsecs)
2018-01-09 23:39:08,867 CRIT Supervisor running as root (no user in config file)
2018-01-09 23:39:08,868 WARN Included extra file "/etc/supervisor/conf.d/supervisord.conf" during parsing
2018-01-09 23:39:09,270 INFO RPC interface 'supervisor' initialized
2018-01-09 23:39:09,271 CRIT Server 'unix_http_server' running without any HTTP authentication checking
2018-01-09 23:39:09,272 INFO supervisord started with pid 1
2018-01-09 23:39:10,299 INFO spawned: 'varnishd' with pid 24
2018-01-09 23:39:10,314 INFO spawned: 'php-fpm' with pid 25
2018-01-09 23:39:10,354 INFO spawned: 'varnish-plugins-watcher' with pid 26
2018-01-09 23:39:10,438 INFO spawned: 'nginx' with pid 27
2018-01-09 23:39:10,491 INFO spawned: 'MailHog' with pid 28
2018-01-09 23:39:10,530 INFO spawned: 'mysql' with pid 29
2018-01-09 23:39:10,579 INFO spawned: 'varnish-themes-watcher' with pid 30
2018-01-09 23:39:11,661 INFO success: varnishd entered RUNNING state, process has stayed up for > than 1 seconds (startsecs)
2018-01-09 23:39:11,662 INFO success: php-fpm entered RUNNING state, process has stayed up for > than 1 seconds (startsecs)
2018-01-09 23:39:11,663 INFO success: varnish-plugins-watcher entered RUNNING state, process has stayed up for > than 1 seconds (startsecs)
2018-01-09 23:39:11,665 INFO success: nginx entered RUNNING state, process has stayed up for > than 1 seconds (startsecs)
2018-01-09 23:39:11,666 INFO success: MailHog entered RUNNING state, process has stayed up for > than 1 seconds (startsecs)
2018-01-09 23:39:11,668 INFO success: mysql entered RUNNING state, process has stayed up for > than 1 seconds (startsecs)
2018-01-09 23:39:11,671 INFO success: varnish-themes-watcher entered RUNNING state, process has stayed up for > than 1 seconds (startsecs)
2018-01-10 23:00:40,888 CRIT Supervisor running as root (no user in config file)
2018-01-10 23:00:40,889 WARN Included extra file "/etc/supervisor/conf.d/supervisord.conf" during parsing
2018-01-10 23:00:41,343 INFO RPC interface 'supervisor' initialized
2018-01-10 23:00:41,344 CRIT Server 'unix_http_server' running without any HTTP authentication checking
2018-01-10 23:00:41,346 INFO supervisord started with pid 1
2018-01-10 23:00:42,356 INFO spawned: 'varnishd' with pid 25
2018-01-10 23:00:42,432 INFO spawned: 'php-fpm' with pid 26
2018-01-10 23:00:42,475 INFO spawned: 'varnish-plugins-watcher' with pid 27
2018-01-10 23:00:42,613 INFO spawned: 'nginx' with pid 28
2018-01-10 23:00:42,730 INFO spawned: 'MailHog' with pid 29
2018-01-10 23:00:42,792 INFO spawned: 'mysql' with pid 30
2018-01-10 23:00:42,836 INFO spawned: 'varnish-themes-watcher' with pid 32
2018-01-10 23:00:43,464 INFO success: varnishd entered RUNNING state, process has stayed up for > than 1 seconds (startsecs)
2018-01-10 23:00:43,467 INFO success: php-fpm entered RUNNING state, process has stayed up for > than 1 seconds (startsecs)
2018-01-10 23:00:43,470 INFO success: varnish-plugins-watcher entered RUNNING state, process has stayed up for > than 1 seconds (startsecs)
2018-01-10 23:00:43,520 INFO success: nginx entered RUNNING state, process has stayed up for > than 1 seconds (startsecs)
2018-01-10 23:00:44,455 INFO success: MailHog entered RUNNING state, process has stayed up for > than 1 seconds (startsecs)
2018-01-10 23:00:44,457 INFO success: mysql entered RUNNING state, process has stayed up for > than 1 seconds (startsecs)
2018-01-10 23:00:44,460 INFO success: varnish-themes-watcher entered RUNNING state, process has stayed up for > than 1 seconds (startsecs)
2018-01-10 23:08:18,124 CRIT Supervisor running as root (no user in config file)
2018-01-10 23:08:18,124 WARN Included extra file "/etc/supervisor/conf.d/supervisord.conf" during parsing
2018-01-10 23:08:18,556 INFO RPC interface 'supervisor' initialized
2018-01-10 23:08:18,557 CRIT Server 'unix_http_server' running without any HTTP authentication checking
2018-01-10 23:08:18,557 INFO supervisord started with pid 1
2018-01-10 23:08:19,572 INFO spawned: 'varnishd' with pid 25
2018-01-10 23:08:19,586 INFO spawned: 'php-fpm' with pid 26
2018-01-10 23:08:19,593 INFO spawned: 'varnish-plugins-watcher' with pid 27
2018-01-10 23:08:19,701 INFO spawned: 'nginx' with pid 28
2018-01-10 23:08:19,803 INFO spawned: 'MailHog' with pid 29
2018-01-10 23:08:19,862 INFO spawned: 'mysql' with pid 30
2018-01-10 23:08:19,934 INFO spawned: 'varnish-themes-watcher' with pid 31
2018-01-10 23:08:20,776 INFO success: varnishd entered RUNNING state, process has stayed up for > than 1 seconds (startsecs)
2018-01-10 23:08:20,777 INFO success: php-fpm entered RUNNING state, process has stayed up for > than 1 seconds (startsecs)
2018-01-10 23:08:20,777 INFO success: varnish-plugins-watcher entered RUNNING state, process has stayed up for > than 1 seconds (startsecs)
2018-01-10 23:08:20,777 INFO success: nginx entered RUNNING state, process has stayed up for > than 1 seconds (startsecs)
2018-01-10 23:08:20,778 INFO success: MailHog entered RUNNING state, process has stayed up for > than 1 seconds (startsecs)
2018-01-10 23:08:21,800 INFO success: mysql entered RUNNING state, process has stayed up for > than 1 seconds (startsecs)
2018-01-10 23:08:21,801 INFO success: varnish-themes-watcher entered RUNNING state, process has stayed up for > than 1 seconds (startsecs)
2018-01-10 23:17:53,189 CRIT Supervisor running as root (no user in config file)
2018-01-10 23:17:53,190 WARN Included extra file "/etc/supervisor/conf.d/supervisord.conf" during parsing
2018-01-10 23:17:53,285 INFO RPC interface 'supervisor' initialized
2018-01-10 23:17:53,286 CRIT Server 'unix_http_server' running without any HTTP authentication checking
2018-01-10 23:17:53,287 INFO supervisord started with pid 1
2018-01-10 23:17:54,457 INFO spawned: 'varnishd' with pid 32
2018-01-10 23:17:54,518 INFO spawned: 'php-fpm' with pid 33
2018-01-10 23:17:54,718 INFO spawned: 'varnish-plugins-watcher' with pid 34
2018-01-10 23:17:54,774 INFO spawned: 'nginx' with pid 35
2018-01-10 23:17:54,960 INFO spawned: 'MailHog' with pid 37
2018-01-10 23:17:55,039 INFO spawned: 'mysql' with pid 40
2018-01-10 23:17:55,183 INFO spawned: 'varnish-themes-watcher' with pid 42
2018-01-10 23:17:55,366 INFO success: varnishd entered RUNNING state, process has stayed up for > than 1 seconds (startsecs)
2018-01-10 23:17:56,060 INFO success: php-fpm entered RUNNING state, process has stayed up for > than 1 seconds (startsecs)
2018-01-10 23:17:56,062 INFO success: varnish-plugins-watcher entered RUNNING state, process has stayed up for > than 1 seconds (startsecs)
2018-01-10 23:17:56,064 INFO success: nginx entered RUNNING state, process has stayed up for > than 1 seconds (startsecs)
2018-01-10 23:17:56,065 INFO success: MailHog entered RUNNING state, process has stayed up for > than 1 seconds (startsecs)
2018-01-10 23:17:56,068 INFO success: mysql entered RUNNING state, process has stayed up for > than 1 seconds (startsecs)
2018-01-10 23:17:57,074 INFO success: varnish-themes-watcher entered RUNNING state, process has stayed up for > than 1 seconds (startsecs)
2018-01-11 02:53:11,904 CRIT Supervisor running as root (no user in config file)
2018-01-11 02:53:11,911 WARN Included extra file "/etc/supervisor/conf.d/supervisord.conf" during parsing
2018-01-11 02:53:12,450 INFO RPC interface 'supervisor' initialized
2018-01-11 02:53:12,451 CRIT Server 'unix_http_server' running without any HTTP authentication checking
2018-01-11 02:53:12,454 INFO supervisord started with pid 1
2018-01-11 02:53:13,465 INFO spawned: 'varnishd' with pid 25
2018-01-11 02:53:13,488 INFO spawned: 'php-fpm' with pid 26
2018-01-11 02:53:13,517 INFO spawned: 'varnish-plugins-watcher' with pid 27
2018-01-11 02:53:13,535 INFO spawned: 'nginx' with pid 28
2018-01-11 02:53:13,560 INFO spawned: 'MailHog' with pid 29
2018-01-11 02:53:13,590 INFO spawned: 'mysql' with pid 30
2018-01-11 02:53:13,625 INFO spawned: 'varnish-themes-watcher' with pid 31
2018-01-11 02:53:15,333 INFO success: varnishd entered RUNNING state, process has stayed up for > than 1 seconds (startsecs)
2018-01-11 02:53:15,333 INFO success: php-fpm entered RUNNING state, process has stayed up for > than 1 seconds (startsecs)
2018-01-11 02:53:15,334 INFO success: varnish-plugins-watcher entered RUNNING state, process has stayed up for > than 1 seconds (startsecs)
2018-01-11 02:53:15,335 INFO success: nginx entered RUNNING state, process has stayed up for > than 1 seconds (startsecs)
2018-01-11 02:53:15,335 INFO success: MailHog entered RUNNING state, process has stayed up for > than 1 seconds (startsecs)
2018-01-11 02:53:15,337 INFO success: mysql entered RUNNING state, process has stayed up for > than 1 seconds (startsecs)
2018-01-11 02:53:15,338 INFO success: varnish-themes-watcher entered RUNNING state, process has stayed up for > than 1 seconds (startsecs)
2018-01-11 12:06:07,802 CRIT Supervisor running as root (no user in config file)
2018-01-11 12:06:07,803 WARN Included extra file "/etc/supervisor/conf.d/supervisord.conf" during parsing
2018-01-11 12:06:08,757 INFO RPC interface 'supervisor' initialized
2018-01-11 12:06:08,762 CRIT Server 'unix_http_server' running without any HTTP authentication checking
2018-01-11 12:06:08,767 INFO supervisord started with pid 1
2018-01-11 12:06:09,774 INFO spawned: 'varnishd' with pid 28
2018-01-11 12:06:09,842 INFO spawned: 'php-fpm' with pid 29
2018-01-11 12:06:09,851 INFO spawned: 'varnish-plugins-watcher' with pid 30
2018-01-11 12:06:10,688 INFO spawned: 'nginx' with pid 31
2018-01-11 12:06:10,700 INFO spawned: 'MailHog' with pid 32
2018-01-11 12:06:10,720 INFO spawned: 'mysql' with pid 33
2018-01-11 12:06:10,731 INFO spawned: 'varnish-themes-watcher' with pid 34
2018-01-11 12:06:12,033 INFO success: varnishd entered RUNNING state, process has stayed up for > than 1 seconds (startsecs)
2018-01-11 12:06:12,035 INFO success: php-fpm entered RUNNING state, process has stayed up for > than 1 seconds (startsecs)
2018-01-11 12:06:12,036 INFO success: varnish-plugins-watcher entered RUNNING state, process has stayed up for > than 1 seconds (startsecs)
2018-01-11 12:06:12,038 INFO success: nginx entered RUNNING state, process has stayed up for > than 1 seconds (startsecs)
2018-01-11 12:06:12,039 INFO success: MailHog entered RUNNING state, process has stayed up for > than 1 seconds (startsecs)
2018-01-11 12:06:12,039 INFO success: mysql entered RUNNING state, process has stayed up for > than 1 seconds (startsecs)
2018-01-11 12:06:12,040 INFO success: varnish-themes-watcher entered RUNNING state, process has stayed up for > than 1 seconds (startsecs)
2018-01-12 14:25:28,798 CRIT Supervisor running as root (no user in config file)
2018-01-12 14:25:28,809 WARN Included extra file "/etc/supervisor/conf.d/supervisord.conf" during parsing
2018-01-12 14:25:29,191 INFO RPC interface 'supervisor' initialized
2018-01-12 14:25:29,203 CRIT Server 'unix_http_server' running without any HTTP authentication checking
2018-01-12 14:25:29,204 INFO supervisord started with pid 1
2018-01-12 14:25:30,213 INFO spawned: 'varnishd' with pid 7
2018-01-12 14:25:30,473 INFO spawned: 'php-fpm' with pid 10
2018-01-12 14:25:30,485 INFO spawned: 'varnish-plugins-watcher' with pid 11
2018-01-12 14:25:30,520 INFO spawned: 'nginx' with pid 13
2018-01-12 14:25:30,730 INFO spawned: 'MailHog' with pid 15
2018-01-12 14:25:30,814 INFO spawned: 'mysql' with pid 18
2018-01-12 14:25:30,873 INFO spawned: 'varnish-themes-watcher' with pid 22
2018-01-12 14:25:31,380 INFO success: varnishd entered RUNNING state, process has stayed up for > than 1 seconds (startsecs)
2018-01-12 14:25:31,381 INFO success: php-fpm entered RUNNING state, process has stayed up for > than 1 seconds (startsecs)
2018-01-12 14:25:31,934 INFO success: varnish-plugins-watcher entered RUNNING state, process has stayed up for > than 1 seconds (startsecs)
2018-01-12 14:25:31,938 INFO success: nginx entered RUNNING state, process has stayed up for > than 1 seconds (startsecs)
2018-01-12 14:25:31,941 INFO success: MailHog entered RUNNING state, process has stayed up for > than 1 seconds (startsecs)
2018-01-12 14:25:31,946 INFO success: mysql entered RUNNING state, process has stayed up for > than 1 seconds (startsecs)
2018-01-12 14:25:31,948 INFO success: varnish-themes-watcher entered RUNNING state, process has stayed up for > than 1 seconds (startsecs)
2018-01-12 14:29:16,181 INFO exited: varnishd (exit status 0; expected)
2018-01-12 14:29:17,202 INFO spawned: 'varnishd' with pid 342
2018-01-12 14:29:18,216 INFO success: varnishd entered RUNNING state, process has stayed up for > than 1 seconds (startsecs)
2018-01-15 13:03:44,429 CRIT Supervisor running as root (no user in config file)
2018-01-15 13:03:44,442 WARN Included extra file "/etc/supervisor/conf.d/supervisord.conf" during parsing
2018-01-15 13:03:44,960 INFO RPC interface 'supervisor' initialized
2018-01-15 13:03:44,963 CRIT Server 'unix_http_server' running without any HTTP authentication checking
2018-01-15 13:03:44,964 INFO supervisord started with pid 1
2018-01-15 13:03:45,993 INFO spawned: 'varnishd' with pid 7
2018-01-15 13:03:46,145 INFO spawned: 'php-fpm' with pid 8
2018-01-15 13:03:46,183 INFO spawned: 'varnish-plugins-watcher' with pid 9
2018-01-15 13:03:46,244 INFO spawned: 'nginx' with pid 10
2018-01-15 13:03:46,274 INFO spawned: 'MailHog' with pid 11
2018-01-15 13:03:46,308 INFO spawned: 'mysql' with pid 12
2018-01-15 13:03:46,394 INFO spawned: 'varnish-themes-watcher' with pid 13
2018-01-15 13:03:47,415 INFO success: varnishd entered RUNNING state, process has stayed up for > than 1 seconds (startsecs)
2018-01-15 13:03:47,443 INFO success: php-fpm entered RUNNING state, process has stayed up for > than 1 seconds (startsecs)
2018-01-15 13:03:47,445 INFO success: varnish-plugins-watcher entered RUNNING state, process has stayed up for > than 1 seconds (startsecs)
2018-01-15 13:03:47,477 INFO success: nginx entered RUNNING state, process has stayed up for > than 1 seconds (startsecs)
2018-01-15 13:03:47,482 INFO success: MailHog entered RUNNING state, process has stayed up for > than 1 seconds (startsecs)
2018-01-15 13:03:47,483 INFO success: mysql entered RUNNING state, process has stayed up for > than 1 seconds (startsecs)
2018-01-15 13:03:47,486 INFO success: varnish-themes-watcher entered RUNNING state, process has stayed up for > than 1 seconds (startsecs)
2018-01-15 18:19:03,918 CRIT Supervisor running as root (no user in config file)
2018-01-15 18:19:03,931 WARN Included extra file "/etc/supervisor/conf.d/supervisord.conf" during parsing
2018-01-15 18:19:04,404 INFO RPC interface 'supervisor' initialized
2018-01-15 18:19:04,405 CRIT Server 'unix_http_server' running without any HTTP authentication checking
2018-01-15 18:19:04,406 INFO supervisord started with pid 1
2018-01-15 18:19:05,412 INFO spawned: 'varnishd' with pid 7
2018-01-15 18:19:05,424 INFO spawned: 'php-fpm' with pid 8
2018-01-15 18:19:05,433 INFO spawned: 'varnish-plugins-watcher' with pid 9
2018-01-15 18:19:05,448 INFO spawned: 'nginx' with pid 10
2018-01-15 18:19:05,467 INFO spawned: 'MailHog' with pid 11
2018-01-15 18:19:05,477 INFO spawned: 'mysql' with pid 12
2018-01-15 18:19:05,486 INFO spawned: 'varnish-themes-watcher' with pid 13
2018-01-15 18:19:06,816 INFO success: varnishd entered RUNNING state, process has stayed up for > than 1 seconds (startsecs)
2018-01-15 18:19:06,817 INFO success: php-fpm entered RUNNING state, process has stayed up for > than 1 seconds (startsecs)
2018-01-15 18:19:06,818 INFO success: varnish-plugins-watcher entered RUNNING state, process has stayed up for > than 1 seconds (startsecs)
2018-01-15 18:19:06,818 INFO success: nginx entered RUNNING state, process has stayed up for > than 1 seconds (startsecs)
2018-01-15 18:19:06,819 INFO success: MailHog entered RUNNING state, process has stayed up for > than 1 seconds (startsecs)
2018-01-15 18:19:06,819 INFO success: mysql entered RUNNING state, process has stayed up for > than 1 seconds (startsecs)
2018-01-15 18:19:06,819 INFO success: varnish-themes-watcher entered RUNNING state, process has stayed up for > than 1 seconds (startsecs)
2018-01-15 18:26:12,791 INFO exited: varnish-themes-watcher (exit status 0; expected)
2018-01-15 18:26:13,809 INFO spawned: 'varnish-themes-watcher' with pid 284
2018-01-15 18:26:14,821 INFO success: varnish-themes-watcher entered RUNNING state, process has stayed up for > than 1 seconds (startsecs)
2018-01-16 14:05:56,886 CRIT Supervisor running as root (no user in config file)
2018-01-16 14:05:56,903 WARN Included extra file "/etc/supervisor/conf.d/supervisord.conf" during parsing
2018-01-16 14:05:57,404 INFO RPC interface 'supervisor' initialized
2018-01-16 14:05:57,405 CRIT Server 'unix_http_server' running without any HTTP authentication checking
2018-01-16 14:05:57,406 INFO supervisord started with pid 1
2018-01-16 14:05:58,419 INFO spawned: 'varnishd' with pid 29
2018-01-16 14:05:58,459 INFO spawned: 'php-fpm' with pid 30
2018-01-16 14:05:58,471 INFO spawned: 'varnish-plugins-watcher' with pid 31
2018-01-16 14:05:58,498 INFO spawned: 'nginx' with pid 32
2018-01-16 14:05:58,514 INFO spawned: 'MailHog' with pid 33
2018-01-16 14:05:58,526 INFO spawned: 'mysql' with pid 34
2018-01-16 14:05:58,540 INFO spawned: 'varnish-themes-watcher' with pid 35
2018-01-16 14:05:59,680 INFO success: varnishd entered RUNNING state, process has stayed up for > than 1 seconds (startsecs)
2018-01-16 14:05:59,681 INFO success: php-fpm entered RUNNING state, process has stayed up for > than 1 seconds (startsecs)
2018-01-16 14:05:59,681 INFO success: varnish-plugins-watcher entered RUNNING state, process has stayed up for > than 1 seconds (startsecs)
2018-01-16 14:05:59,681 INFO success: nginx entered RUNNING state, process has stayed up for > than 1 seconds (startsecs)
2018-01-16 14:05:59,682 INFO success: MailHog entered RUNNING state, process has stayed up for > than 1 seconds (startsecs)
2018-01-16 14:05:59,682 INFO success: mysql entered RUNNING state, process has stayed up for > than 1 seconds (startsecs)
2018-01-16 14:05:59,682 INFO success: varnish-themes-watcher entered RUNNING state, process has stayed up for > than 1 seconds (startsecs)
2018-01-16 16:17:39,566 CRIT Supervisor running as root (no user in config file)
2018-01-16 16:17:39,571 WARN Included extra file "/etc/supervisor/conf.d/supervisord.conf" during parsing
2018-01-16 16:17:40,117 INFO RPC interface 'supervisor' initialized
2018-01-16 16:17:40,118 CRIT Server 'unix_http_server' running without any HTTP authentication checking
2018-01-16 16:17:40,120 INFO supervisord started with pid 1
2018-01-16 16:17:41,135 INFO spawned: 'varnishd' with pid 7
2018-01-16 16:17:41,250 INFO spawned: 'php-fpm' with pid 8
2018-01-16 16:17:41,259 INFO spawned: 'varnish-plugins-watcher' with pid 9
2018-01-16 16:17:41,298 INFO spawned: 'nginx' with pid 10
2018-01-16 16:17:41,307 INFO spawned: 'MailHog' with pid 11
2018-01-16 16:17:41,315 INFO spawned: 'mysql' with pid 12
2018-01-16 16:17:41,321 INFO spawned: 'varnish-themes-watcher' with pid 13
2018-01-16 16:17:42,722 INFO success: varnishd entered RUNNING state, process has stayed up for > than 1 seconds (startsecs)
2018-01-16 16:17:42,723 INFO success: php-fpm entered RUNNING state, process has stayed up for > than 1 seconds (startsecs)
2018-01-16 16:17:42,724 INFO success: varnish-plugins-watcher entered RUNNING state, process has stayed up for > than 1 seconds (startsecs)
2018-01-16 16:17:42,725 INFO success: nginx entered RUNNING state, process has stayed up for > than 1 seconds (startsecs)
2018-01-16 16:17:42,725 INFO success: MailHog entered RUNNING state, process has stayed up for > than 1 seconds (startsecs)
2018-01-16 16:17:42,726 INFO success: mysql entered RUNNING state, process has stayed up for > than 1 seconds (startsecs)
2018-01-16 16:17:42,732 INFO success: varnish-themes-watcher entered RUNNING state, process has stayed up for > than 1 seconds (startsecs)
2018-01-17 12:02:58,426 CRIT Supervisor running as root (no user in config file)
2018-01-17 12:02:58,432 WARN Included extra file "/etc/supervisor/conf.d/supervisord.conf" during parsing
2018-01-17 12:02:58,877 INFO RPC interface 'supervisor' initialized
2018-01-17 12:02:58,878 CRIT Server 'unix_http_server' running without any HTTP authentication checking
2018-01-17 12:02:58,879 INFO supervisord started with pid 1
2018-01-17 12:02:59,893 INFO spawned: 'varnishd' with pid 29
2018-01-17 12:02:59,944 INFO spawned: 'php-fpm' with pid 30
2018-01-17 12:02:59,965 INFO spawned: 'varnish-plugins-watcher' with pid 31
2018-01-17 12:03:00,005 INFO spawned: 'nginx' with pid 32
2018-01-17 12:03:00,021 INFO spawned: 'MailHog' with pid 33
2018-01-17 12:03:00,035 INFO spawned: 'mysql' with pid 34
2018-01-17 12:03:00,088 INFO spawned: 'varnish-themes-watcher' with pid 35
2018-01-17 12:03:01,543 INFO success: varnishd entered RUNNING state, process has stayed up for > than 1 seconds (startsecs)
2018-01-17 12:03:01,552 INFO success: php-fpm entered RUNNING state, process has stayed up for > than 1 seconds (startsecs)
2018-01-17 12:03:01,553 INFO success: varnish-plugins-watcher entered RUNNING state, process has stayed up for > than 1 seconds (startsecs)
2018-01-17 12:03:01,565 INFO success: nginx entered RUNNING state, process has stayed up for > than 1 seconds (startsecs)
2018-01-17 12:03:01,567 INFO success: MailHog entered RUNNING state, process has stayed up for > than 1 seconds (startsecs)
2018-01-17 12:03:01,568 INFO success: mysql entered RUNNING state, process has stayed up for > than 1 seconds (startsecs)
2018-01-17 12:03:01,569 INFO success: varnish-themes-watcher entered RUNNING state, process has stayed up for > than 1 seconds (startsecs)
2018-01-17 17:39:48,315 CRIT Supervisor running as root (no user in config file)
2018-01-17 17:39:48,316 WARN Included extra file "/etc/supervisor/conf.d/supervisord.conf" during parsing
2018-01-17 17:39:48,727 INFO RPC interface 'supervisor' initialized
2018-01-17 17:39:48,728 CRIT Server 'unix_http_server' running without any HTTP authentication checking
2018-01-17 17:39:48,729 INFO supervisord started with pid 1
2018-01-17 17:39:49,811 INFO spawned: 'varnishd' with pid 20
2018-01-17 17:39:49,878 INFO spawned: 'php-fpm' with pid 25
2018-01-17 17:39:49,892 INFO spawned: 'varnish-plugins-watcher' with pid 26
2018-01-17 17:39:49,932 INFO spawned: 'nginx' with pid 27
2018-01-17 17:39:50,030 INFO spawned: 'MailHog' with pid 29
2018-01-17 17:39:50,098 INFO spawned: 'mysql' with pid 32
2018-01-17 17:39:50,170 INFO spawned: 'varnish-themes-watcher' with pid 33
2018-01-17 17:39:51,118 INFO success: varnishd entered RUNNING state, process has stayed up for > than 1 seconds (startsecs)
2018-01-17 17:39:51,122 INFO success: php-fpm entered RUNNING state, process has stayed up for > than 1 seconds (startsecs)
2018-01-17 17:39:51,128 INFO success: varnish-plugins-watcher entered RUNNING state, process has stayed up for > than 1 seconds (startsecs)
2018-01-17 17:39:51,129 INFO success: nginx entered RUNNING state, process has stayed up for > than 1 seconds (startsecs)
2018-01-17 17:39:51,131 INFO success: MailHog entered RUNNING state, process has stayed up for > than 1 seconds (startsecs)
2018-01-17 17:39:51,133 INFO success: mysql entered RUNNING state, process has stayed up for > than 1 seconds (startsecs)
2018-01-17 17:39:51,134 INFO success: varnish-themes-watcher entered RUNNING state, process has stayed up for > than 1 seconds (startsecs)
2018-01-18 11:58:49,579 CRIT Supervisor running as root (no user in config file)
2018-01-18 11:58:49,612 WARN Included extra file "/etc/supervisor/conf.d/supervisord.conf" during parsing
2018-01-18 11:58:50,143 INFO RPC interface 'supervisor' initialized
2018-01-18 11:58:50,144 CRIT Server 'unix_http_server' running without any HTTP authentication checking
2018-01-18 11:58:50,145 INFO supervisord started with pid 1
2018-01-18 11:58:51,163 INFO spawned: 'varnishd' with pid 35
2018-01-18 11:58:51,203 INFO spawned: 'php-fpm' with pid 36
2018-01-18 11:58:51,217 INFO spawned: 'varnish-plugins-watcher' with pid 37
2018-01-18 11:58:51,248 INFO spawned: 'nginx' with pid 38
2018-01-18 11:58:51,261 INFO spawned: 'MailHog' with pid 39
2018-01-18 11:58:51,271 INFO spawned: 'mysql' with pid 40
2018-01-18 11:58:51,281 INFO spawned: 'varnish-themes-watcher' with pid 41
2018-01-18 11:58:52,229 INFO success: varnishd entered RUNNING state, process has stayed up for > than 1 seconds (startsecs)
2018-01-18 11:58:52,230 INFO success: php-fpm entered RUNNING state, process has stayed up for > than 1 seconds (startsecs)
2018-01-18 11:58:52,231 INFO success: varnish-plugins-watcher entered RUNNING state, process has stayed up for > than 1 seconds (startsecs)
2018-01-18 11:58:52,232 INFO success: nginx entered RUNNING state, process has stayed up for > than 1 seconds (startsecs)
2018-01-18 11:58:52,287 INFO success: MailHog entered RUNNING state, process has stayed up for > than 1 seconds (startsecs)
2018-01-18 11:58:52,290 INFO success: mysql entered RUNNING state, process has stayed up for > than 1 seconds (startsecs)
2018-01-18 11:58:52,291 INFO success: varnish-themes-watcher entered RUNNING state, process has stayed up for > than 1 seconds (startsecs)
2018-01-19 11:26:42,722 CRIT Supervisor running as root (no user in config file)
2018-01-19 11:26:42,728 WARN Included extra file "/etc/supervisor/conf.d/supervisord.conf" during parsing
2018-01-19 11:26:43,181 INFO RPC interface 'supervisor' initialized
2018-01-19 11:26:43,181 CRIT Server 'unix_http_server' running without any HTTP authentication checking
2018-01-19 11:26:43,182 INFO supervisord started with pid 1
2018-01-19 11:26:44,188 INFO spawned: 'varnishd' with pid 7
2018-01-19 11:26:44,269 INFO spawned: 'php-fpm' with pid 8
2018-01-19 11:26:44,281 INFO spawned: 'varnish-plugins-watcher' with pid 9
2018-01-19 11:26:44,319 INFO spawned: 'nginx' with pid 10
2018-01-19 11:26:44,333 INFO spawned: 'MailHog' with pid 11
2018-01-19 11:26:44,343 INFO spawned: 'mysql' with pid 12
2018-01-19 11:26:44,354 INFO spawned: 'varnish-themes-watcher' with pid 13
2018-01-19 11:26:45,704 INFO success: varnishd entered RUNNING state, process has stayed up for > than 1 seconds (startsecs)
2018-01-19 11:26:45,706 INFO success: php-fpm entered RUNNING state, process has stayed up for > than 1 seconds (startsecs)
2018-01-19 11:26:45,709 INFO success: varnish-plugins-watcher entered RUNNING state, process has stayed up for > than 1 seconds (startsecs)
2018-01-19 11:26:45,711 INFO success: nginx entered RUNNING state, process has stayed up for > than 1 seconds (startsecs)
2018-01-19 11:26:45,714 INFO success: MailHog entered RUNNING state, process has stayed up for > than 1 seconds (startsecs)
2018-01-19 11:26:45,719 INFO success: mysql entered RUNNING state, process has stayed up for > than 1 seconds (startsecs)
2018-01-19 11:26:45,727 INFO success: varnish-themes-watcher entered RUNNING state, process has stayed up for > than 1 seconds (startsecs)
2018-01-19 17:20:04,047 CRIT Supervisor running as root (no user in config file)
2018-01-19 17:20:04,074 WARN Included extra file "/etc/supervisor/conf.d/supervisord.conf" during parsing
2018-01-19 17:20:04,718 INFO RPC interface 'supervisor' initialized
2018-01-19 17:20:04,719 CRIT Server 'unix_http_server' running without any HTTP authentication checking
2018-01-19 17:20:04,720 INFO supervisord started with pid 1
2018-01-19 17:20:05,727 INFO spawned: 'varnishd' with pid 7
2018-01-19 17:20:05,783 INFO spawned: 'php-fpm' with pid 8
2018-01-19 17:20:05,788 INFO spawned: 'varnish-plugins-watcher' with pid 9
2018-01-19 17:20:05,799 INFO spawned: 'nginx' with pid 10
2018-01-19 17:20:05,806 INFO spawned: 'MailHog' with pid 11
2018-01-19 17:20:05,816 INFO spawned: 'mysql' with pid 12
2018-01-19 17:20:05,822 INFO spawned: 'varnish-themes-watcher' with pid 13
2018-01-19 17:20:07,412 INFO success: varnishd entered RUNNING state, process has stayed up for > than 1 seconds (startsecs)
2018-01-19 17:20:07,413 INFO success: php-fpm entered RUNNING state, process has stayed up for > than 1 seconds (startsecs)
2018-01-19 17:20:07,414 INFO success: varnish-plugins-watcher entered RUNNING state, process has stayed up for > than 1 seconds (startsecs)
2018-01-19 17:20:07,415 INFO success: nginx entered RUNNING state, process has stayed up for > than 1 seconds (startsecs)
2018-01-19 17:20:07,416 INFO success: MailHog entered RUNNING state, process has stayed up for > than 1 seconds (startsecs)
2018-01-19 17:20:07,417 INFO success: mysql entered RUNNING state, process has stayed up for > than 1 seconds (startsecs)
2018-01-19 17:20:07,418 INFO success: varnish-themes-watcher entered RUNNING state, process has stayed up for > than 1 seconds (startsecs)
