[27-Dec-2017 22:48:46 UTC] PHP Notice:  Undefined index: SERVER_SOFTWARE in phar:///usr/local/bin/wp/php/WP_CLI/Runner.php(1020) : eval()'d code on line 75
[27-Dec-2017 22:48:48 UTC] PHP Notice:  Undefined index: SERVER_SOFTWARE in phar:///usr/local/bin/wp/php/WP_CLI/Runner.php(1020) : eval()'d code on line 75
[27-Dec-2017 22:48:52 UTC] PHP Notice:  Undefined index: SERVER_SOFTWARE in phar:///usr/local/bin/wp/php/WP_CLI/Runner.php(1020) : eval()'d code on line 75
[27-Dec-2017 22:48:52 UTC] PHP Notice:  Undefined index: SERVER_SOFTWARE in phar:///usr/local/bin/wp/php/WP_CLI/Runner.php(1020) : eval()'d code on line 75
[27-Dec-2017 22:48:54 UTC] PHP Notice:  Undefined index: SERVER_SOFTWARE in phar:///usr/local/bin/wp/php/WP_CLI/Runner.php(1020) : eval()'d code on line 75
[27-Dec-2017 22:48:54 UTC] PHP Notice:  Undefined index: SERVER_SOFTWARE in phar:///usr/local/bin/wp/php/WP_CLI/Runner.php(1020) : eval()'d code on line 75
[28-Dec-2017 03:21:38 UTC] PHP Notice:  Undefined index: SERVER_SOFTWARE in phar:///usr/local/bin/wp/php/WP_CLI/Runner.php(1020) : eval()'d code on line 75
[28-Dec-2017 03:23:01 UTC] PHP Notice:  Undefined index: SERVER_SOFTWARE in phar:///usr/local/bin/wp/php/WP_CLI/Runner.php(1020) : eval()'d code on line 75
[28-Dec-2017 03:23:01 UTC] PHP Notice:  Undefined index: SERVER_SOFTWARE in phar:///usr/local/bin/wp/php/WP_CLI/Runner.php(1020) : eval()'d code on line 75
[28-Dec-2017 03:23:02 UTC] PHP Notice:  Undefined index: SERVER_SOFTWARE in phar:///usr/local/bin/wp/php/WP_CLI/Runner.php(1020) : eval()'d code on line 75
[28-Dec-2017 03:23:02 UTC] PHP Notice:  Undefined index: SERVER_SOFTWARE in phar:///usr/local/bin/wp/php/WP_CLI/Runner.php(1020) : eval()'d code on line 75
[28-Dec-2017 03:25:28 UTC] PHP Notice:  Undefined index: SERVER_SOFTWARE in phar:///usr/local/bin/wp/php/WP_CLI/Runner.php(1020) : eval()'d code on line 75
[28-Dec-2017 03:25:28 UTC] PHP Notice:  Undefined index: SERVER_SOFTWARE in phar:///usr/local/bin/wp/php/WP_CLI/Runner.php(1020) : eval()'d code on line 75
[28-Dec-2017 03:25:29 UTC] PHP Notice:  Undefined index: SERVER_SOFTWARE in phar:///usr/local/bin/wp/php/WP_CLI/Runner.php(1020) : eval()'d code on line 75
[28-Dec-2017 03:25:29 UTC] PHP Notice:  Undefined index: SERVER_SOFTWARE in phar:///usr/local/bin/wp/php/WP_CLI/Runner.php(1020) : eval()'d code on line 75
[10-Jan-2018 23:04:06 UTC] PHP Notice:  Undefined index: SERVER_SOFTWARE in phar:///usr/local/bin/wp/php/WP_CLI/Runner.php(1020) : eval()'d code on line 75
[10-Jan-2018 23:04:11 UTC] PHP Notice:  Undefined index: SERVER_SOFTWARE in phar:///usr/local/bin/wp/php/WP_CLI/Runner.php(1020) : eval()'d code on line 75
[10-Jan-2018 23:18:06 UTC] PHP Notice:  Undefined index: SERVER_SOFTWARE in phar:///usr/local/bin/wp/php/WP_CLI/Runner.php(1020) : eval()'d code on line 75
[10-Jan-2018 23:18:14 UTC] PHP Notice:  Undefined index: SERVER_SOFTWARE in phar:///usr/local/bin/wp/php/WP_CLI/Runner.php(1020) : eval()'d code on line 75
[10-Jan-2018 23:18:24 UTC] PHP Notice:  Undefined index: SERVER_SOFTWARE in phar:///usr/local/bin/wp/php/WP_CLI/Runner.php(1020) : eval()'d code on line 75
[10-Jan-2018 23:18:25 UTC] PHP Notice:  Undefined index: SERVER_SOFTWARE in phar:///usr/local/bin/wp/php/WP_CLI/Runner.php(1020) : eval()'d code on line 75
[10-Jan-2018 23:18:29 UTC] PHP Notice:  Undefined index: SERVER_SOFTWARE in phar:///usr/local/bin/wp/php/WP_CLI/Runner.php(1020) : eval()'d code on line 75
[10-Jan-2018 23:18:30 UTC] PHP Notice:  Undefined index: SERVER_SOFTWARE in phar:///usr/local/bin/wp/php/WP_CLI/Runner.php(1020) : eval()'d code on line 75
[10-Jan-2018 23:19:48 UTC] PHP Notice:  Undefined index: SERVER_SOFTWARE in phar:///usr/local/bin/wp/php/WP_CLI/Runner.php(1020) : eval()'d code on line 75
[10-Jan-2018 23:19:48 UTC] PHP Notice:  Undefined index: SERVER_SOFTWARE in phar:///usr/local/bin/wp/php/WP_CLI/Runner.php(1020) : eval()'d code on line 75
[10-Jan-2018 23:19:49 UTC] PHP Notice:  Undefined index: SERVER_SOFTWARE in phar:///usr/local/bin/wp/php/WP_CLI/Runner.php(1020) : eval()'d code on line 75
[10-Jan-2018 23:19:50 UTC] PHP Notice:  Undefined index: SERVER_SOFTWARE in phar:///usr/local/bin/wp/php/WP_CLI/Runner.php(1020) : eval()'d code on line 75
[11-Jan-2018 02:18:55 UTC] PHP Fatal error:  Uncaught Error: Call to a member function get_price() on null in /app/public/wp-content/plugins/woocommerce/includes/class-wc-cart.php:1836
Stack trace:
#0 /app/public/wp-content/themes/sexcommerce/header.php(125): WC_Cart->get_product_subtotal(NULL, NULL)
#1 /app/public/wp-includes/template.php(688): require_once('/app/public/wp-...')
#2 /app/public/wp-includes/template.php(647): load_template('/app/public/wp-...', true)
#3 /app/public/wp-includes/general-template.php(41): locate_template(Array, true)
#4 /app/public/wp-content/themes/sexcommerce/archive-product.php(23): get_header('shop')
#5 /app/public/wp-content/plugins/woocommerce/includes/wc-core-functions.php(209): include('/app/public/wp-...')
#6 /app/public/wp-content/themes/sexcommerce/taxonomy-product_cat.php(22): wc_get_template('archive-product...')
#7 /app/public/wp-includes/template-loader.php(74): include('/app/public/wp-...')
#8 /app/public/wp-blog-header.php(19): require_once('/app/public/wp-...')
#9 /app/public/index.php(17): require('/app/p in /app/public/wp-content/plugins/woocommerce/includes/class-wc-cart.php on line 1836
[11-Jan-2018 02:19:07 UTC] PHP Fatal error:  Uncaught Error: Call to a member function get_price() on null in /app/public/wp-content/plugins/woocommerce/includes/class-wc-cart.php:1836
Stack trace:
#0 /app/public/wp-content/themes/sexcommerce/header.php(125): WC_Cart->get_product_subtotal(NULL, NULL)
#1 /app/public/wp-includes/template.php(688): require_once('/app/public/wp-...')
#2 /app/public/wp-includes/template.php(647): load_template('/app/public/wp-...', true)
#3 /app/public/wp-includes/general-template.php(41): locate_template(Array, true)
#4 /app/public/wp-content/themes/sexcommerce/archive-product.php(23): get_header('shop')
#5 /app/public/wp-includes/template-loader.php(74): include('/app/public/wp-...')
#6 /app/public/wp-blog-header.php(19): require_once('/app/public/wp-...')
#7 /app/public/index.php(17): require('/app/public/wp-...')
#8 {main}
  thrown in /app/public/wp-content/plugins/woocommerce/includes/class-wc-cart.php on line 1836
[11-Jan-2018 02:20:13 UTC] PHP Fatal error:  Uncaught Error: Call to a member function get_price() on null in /app/public/wp-content/plugins/woocommerce/includes/class-wc-cart.php:1836
Stack trace:
#0 /app/public/wp-content/themes/sexcommerce/header.php(128): WC_Cart->get_product_subtotal(NULL, NULL)
#1 /app/public/wp-includes/template.php(688): require_once('/app/public/wp-...')
#2 /app/public/wp-includes/template.php(647): load_template('/app/public/wp-...', true)
#3 /app/public/wp-includes/general-template.php(41): locate_template(Array, true)
#4 /app/public/wp-content/themes/sexcommerce/archive-product.php(23): get_header('shop')
#5 /app/public/wp-includes/template-loader.php(74): include('/app/public/wp-...')
#6 /app/public/wp-blog-header.php(19): require_once('/app/public/wp-...')
#7 /app/public/index.php(17): require('/app/public/wp-...')
#8 {main}
  thrown in /app/public/wp-content/plugins/woocommerce/includes/class-wc-cart.php on line 1836
[11-Jan-2018 02:20:17 UTC] PHP Fatal error:  Uncaught Error: Call to a member function get_price() on null in /app/public/wp-content/plugins/woocommerce/includes/class-wc-cart.php:1836
Stack trace:
#0 /app/public/wp-content/themes/sexcommerce/header.php(128): WC_Cart->get_product_subtotal(NULL, NULL)
#1 /app/public/wp-includes/template.php(688): require_once('/app/public/wp-...')
#2 /app/public/wp-includes/template.php(647): load_template('/app/public/wp-...', true)
#3 /app/public/wp-includes/general-template.php(41): locate_template(Array, true)
#4 /app/public/wp-content/themes/sexcommerce/archive-product.php(23): get_header('shop')
#5 /app/public/wp-includes/template-loader.php(74): include('/app/public/wp-...')
#6 /app/public/wp-blog-header.php(19): require_once('/app/public/wp-...')
#7 /app/public/index.php(17): require('/app/public/wp-...')
#8 {main}
  thrown in /app/public/wp-content/plugins/woocommerce/includes/class-wc-cart.php on line 1836
[11-Jan-2018 02:20:27 UTC] PHP Fatal error:  Uncaught Error: Call to a member function get_price() on null in /app/public/wp-content/plugins/woocommerce/includes/class-wc-cart.php:1836
Stack trace:
#0 /app/public/wp-content/themes/sexcommerce/header.php(128): WC_Cart->get_product_subtotal(NULL, NULL)
#1 /app/public/wp-includes/template.php(688): require_once('/app/public/wp-...')
#2 /app/public/wp-includes/template.php(647): load_template('/app/public/wp-...', true)
#3 /app/public/wp-includes/general-template.php(41): locate_template(Array, true)
#4 /app/public/wp-content/themes/sexcommerce/archive-product.php(23): get_header('shop')
#5 /app/public/wp-includes/template-loader.php(74): include('/app/public/wp-...')
#6 /app/public/wp-blog-header.php(19): require_once('/app/public/wp-...')
#7 /app/public/index.php(17): require('/app/public/wp-...')
#8 {main}
  thrown in /app/public/wp-content/plugins/woocommerce/includes/class-wc-cart.php on line 1836
[11-Jan-2018 02:22:04 UTC] PHP Fatal error:  Uncaught ArgumentCountError: Too few arguments to function WC_Cart::get_product_subtotal(), 0 passed in /app/public/wp-content/themes/sexcommerce/header.php on line 128 and exactly 2 expected in /app/public/wp-content/plugins/woocommerce/includes/class-wc-cart.php:1835
Stack trace:
#0 /app/public/wp-content/themes/sexcommerce/header.php(128): WC_Cart->get_product_subtotal()
#1 /app/public/wp-includes/template.php(688): require_once('/app/public/wp-...')
#2 /app/public/wp-includes/template.php(647): load_template('/app/public/wp-...', true)
#3 /app/public/wp-includes/general-template.php(41): locate_template(Array, true)
#4 /app/public/wp-content/themes/sexcommerce/archive-product.php(23): get_header('shop')
#5 /app/public/wp-includes/template-loader.php(74): include('/app/public/wp-...')
#6 /app/public/wp-blog-header.php(19): require_once('/app/public/wp-...')
#7 /app/public/index.php(17): require('/app/public/wp-...')
#8 {main}
  thrown in /app/public/wp-content/plugins/woocommerce/includes/class-wc-cart.php on line 1835
[11-Jan-2018 02:47:55 UTC] PHP Fatal error:  Uncaught Error: Call to a member function get_cart_url() on null in /app/public/wp-content/themes/sexcommerce/header.php:125
Stack trace:
#0 /app/public/wp-includes/template.php(688): require_once()
#1 /app/public/wp-includes/template.php(647): load_template('/app/public/wp-...', true)
#2 /app/public/wp-includes/general-template.php(41): locate_template(Array, true)
#3 /app/public/wp-content/themes/sexcommerce/page.php(13): get_header()
#4 /app/public/wp-includes/template-loader.php(74): include('/app/public/wp-...')
#5 /app/public/wp-blog-header.php(19): require_once('/app/public/wp-...')
#6 /app/public/index.php(17): require('/app/public/wp-...')
#7 {main}
  thrown in /app/public/wp-content/themes/sexcommerce/header.php on line 125
[11-Jan-2018 02:48:25 UTC] PHP Fatal error:  Uncaught ArgumentCountError: Too few arguments to function woocommerce_header_add_to_cart_fragment(), 0 passed in /app/public/wp-content/themes/sexcommerce/header.php on line 125 and exactly 1 expected in /app/public/wp-content/themes/sexcommerce/functions.php:331
Stack trace:
#0 /app/public/wp-content/themes/sexcommerce/header.php(125): woocommerce_header_add_to_cart_fragment()
#1 /app/public/wp-includes/template.php(688): require_once('/app/public/wp-...')
#2 /app/public/wp-includes/template.php(647): load_template('/app/public/wp-...', true)
#3 /app/public/wp-includes/general-template.php(41): locate_template(Array, true)
#4 /app/public/wp-content/themes/sexcommerce/page.php(13): get_header()
#5 /app/public/wp-includes/template-loader.php(74): include('/app/public/wp-...')
#6 /app/public/wp-blog-header.php(19): require_once('/app/public/wp-...')
#7 /app/public/index.php(17): require('/app/public/wp-...')
#8 {main}
  thrown in /app/public/wp-content/themes/sexcommerce/functions.php on line 331
[11-Jan-2018 02:48:48 UTC] PHP Warning:  Illegal string offset 'a.cart-customlocation' in /app/public/wp-content/themes/sexcommerce/functions.php on line 339
[11-Jan-2018 02:50:56 UTC] PHP Notice:  Undefined index: SERVER_SOFTWARE in phar:///usr/local/bin/wp/php/WP_CLI/Runner.php(1020) : eval()'d code on line 75
[11-Jan-2018 02:50:56 UTC] PHP Notice:  Undefined index: SERVER_SOFTWARE in phar:///usr/local/bin/wp/php/WP_CLI/Runner.php(1020) : eval()'d code on line 75
[11-Jan-2018 02:50:57 UTC] PHP Notice:  Undefined index: SERVER_SOFTWARE in phar:///usr/local/bin/wp/php/WP_CLI/Runner.php(1020) : eval()'d code on line 75
[11-Jan-2018 02:50:57 UTC] PHP Notice:  Undefined index: SERVER_SOFTWARE in phar:///usr/local/bin/wp/php/WP_CLI/Runner.php(1020) : eval()'d code on line 75
[11-Jan-2018 12:06:30 UTC] PHP Notice:  Undefined index: SERVER_SOFTWARE in phar:///usr/local/bin/wp/php/WP_CLI/Runner.php(1020) : eval()'d code on line 75
[11-Jan-2018 12:06:31 UTC] PHP Notice:  Undefined index: SERVER_SOFTWARE in phar:///usr/local/bin/wp/php/WP_CLI/Runner.php(1020) : eval()'d code on line 75
[11-Jan-2018 12:06:33 UTC] PHP Notice:  Undefined index: SERVER_SOFTWARE in phar:///usr/local/bin/wp/php/WP_CLI/Runner.php(1020) : eval()'d code on line 75
[11-Jan-2018 12:06:34 UTC] PHP Notice:  Undefined index: SERVER_SOFTWARE in phar:///usr/local/bin/wp/php/WP_CLI/Runner.php(1020) : eval()'d code on line 75
[11-Jan-2018 18:29:56 UTC] PHP Parse error:  syntax error, unexpected '<', expecting end of file in /app/public/wp-content/themes/sexcommerce/content-product.php on line 33
[11-Jan-2018 19:04:02 UTC] PHP Parse error:  syntax error, unexpected '<', expecting end of file in /app/public/wp-content/themes/sexcommerce/content-product.php on line 42
[12-Jan-2018 14:25:50 UTC] PHP Notice:  Undefined index: SERVER_SOFTWARE in phar:///usr/local/bin/wp/php/WP_CLI/Runner.php(1020) : eval()'d code on line 75
[12-Jan-2018 14:25:50 UTC] PHP Notice:  Undefined index: SERVER_SOFTWARE in phar:///usr/local/bin/wp/php/WP_CLI/Runner.php(1020) : eval()'d code on line 75
[12-Jan-2018 14:25:51 UTC] PHP Notice:  Undefined index: SERVER_SOFTWARE in phar:///usr/local/bin/wp/php/WP_CLI/Runner.php(1020) : eval()'d code on line 75
[12-Jan-2018 14:25:51 UTC] PHP Notice:  Undefined index: SERVER_SOFTWARE in phar:///usr/local/bin/wp/php/WP_CLI/Runner.php(1020) : eval()'d code on line 75
[12-Jan-2018 14:28:20 UTC] PHP Parse error:  syntax error, unexpected 'do_action' (T_STRING) in /app/public/wp-content/themes/sexcommerce/content-product.php on line 46
[12-Jan-2018 14:30:22 UTC] PHP Parse error:  syntax error, unexpected 'do_action' (T_STRING) in /app/public/wp-content/themes/sexcommerce/content-product.php on line 46
[15-Jan-2018 13:04:09 UTC] PHP Notice:  Undefined index: SERVER_SOFTWARE in phar:///usr/local/bin/wp/php/WP_CLI/Runner.php(1020) : eval()'d code on line 75
[15-Jan-2018 13:04:09 UTC] PHP Notice:  Undefined index: SERVER_SOFTWARE in phar:///usr/local/bin/wp/php/WP_CLI/Runner.php(1020) : eval()'d code on line 75
[15-Jan-2018 13:04:10 UTC] PHP Notice:  Undefined index: SERVER_SOFTWARE in phar:///usr/local/bin/wp/php/WP_CLI/Runner.php(1020) : eval()'d code on line 75
[15-Jan-2018 13:04:10 UTC] PHP Notice:  Undefined index: SERVER_SOFTWARE in phar:///usr/local/bin/wp/php/WP_CLI/Runner.php(1020) : eval()'d code on line 75
[15-Jan-2018 13:13:27 UTC] PHP Parse error:  syntax error, unexpected '{', expecting '(' in /app/public/wp-content/themes/sexcommerce/functions.php on line 394
[15-Jan-2018 13:13:50 UTC] PHP Parse error:  syntax error, unexpected 'echo' (T_ECHO), expecting variable (T_VARIABLE) in /app/public/wp-content/themes/sexcommerce/functions.php on line 395
[15-Jan-2018 14:00:03 UTC] PHP Notice:  Undefined index: SERVER_SOFTWARE in phar:///usr/local/bin/wp/php/WP_CLI/Runner.php(1020) : eval()'d code on line 75
[15-Jan-2018 14:00:03 UTC] PHP Notice:  Undefined index: SERVER_SOFTWARE in phar:///usr/local/bin/wp/php/WP_CLI/Runner.php(1020) : eval()'d code on line 75
[15-Jan-2018 14:00:05 UTC] PHP Notice:  Undefined index: SERVER_SOFTWARE in phar:///usr/local/bin/wp/php/WP_CLI/Runner.php(1020) : eval()'d code on line 75
[15-Jan-2018 14:00:05 UTC] PHP Notice:  Undefined index: SERVER_SOFTWARE in phar:///usr/local/bin/wp/php/WP_CLI/Runner.php(1020) : eval()'d code on line 75
[15-Jan-2018 14:04:36 UTC] PHP Parse error:  syntax error, unexpected '<' in /app/public/wp-content/themes/sexcommerce/woocommerce.php on line 21
[15-Jan-2018 14:04:53 UTC] PHP Parse error:  syntax error, unexpected 'woocommerce_content' (T_STRING) in /app/public/wp-content/themes/sexcommerce/woocommerce.php on line 21
[15-Jan-2018 15:09:53 UTC] PHP Warning:  require_once(/app/public/wp-content/themes/storefront/inc/yd_template_functions.php): failed to open stream: No such file or directory in /app/public/wp-content/themes/StoreFront-Child/functions.php on line 3
[15-Jan-2018 15:09:53 UTC] PHP Fatal error:  require_once(): Failed opening required '/app/public/wp-content/themes/storefront/inc/yd_template_functions.php' (include_path='.:/usr/share/php:/www/wp-content/pear') in /app/public/wp-content/themes/StoreFront-Child/functions.php on line 3
[15-Jan-2018 15:11:37 UTC] PHP Warning:  require_once(/app/public/wp-content/themes/storefront/inc/yd_template_functions.php): failed to open stream: No such file or directory in /app/public/wp-content/themes/StoreFront-Child/functions.php on line 3
[15-Jan-2018 15:11:37 UTC] PHP Fatal error:  require_once(): Failed opening required '/app/public/wp-content/themes/storefront/inc/yd_template_functions.php' (include_path='.:/usr/share/php:/www/wp-content/pear') in /app/public/wp-content/themes/StoreFront-Child/functions.php on line 3
[15-Jan-2018 15:12:06 UTC] PHP Fatal error:  Uncaught Error: Call to undefined function get_template_child_directory() in /app/public/wp-content/themes/StoreFront-Child/functions.php:3
Stack trace:
#0 /app/public/wp-settings.php(424): include()
#1 /app/public/wp-config.php(86): require_once('/app/public/wp-...')
#2 /app/public/wp-load.php(37): require_once('/app/public/wp-...')
#3 /app/public/wp-blog-header.php(13): require_once('/app/public/wp-...')
#4 /app/public/index.php(17): require('/app/public/wp-...')
#5 {main}
  thrown in /app/public/wp-content/themes/StoreFront-Child/functions.php on line 3
[15-Jan-2018 15:12:21 UTC] PHP Fatal error:  Uncaught Error: Call to undefined function get_template_uri() in /app/public/wp-content/themes/StoreFront-Child/functions.php:3
Stack trace:
#0 /app/public/wp-settings.php(424): include()
#1 /app/public/wp-config.php(86): require_once('/app/public/wp-...')
#2 /app/public/wp-load.php(37): require_once('/app/public/wp-...')
#3 /app/public/wp-blog-header.php(13): require_once('/app/public/wp-...')
#4 /app/public/index.php(17): require('/app/public/wp-...')
#5 {main}
  thrown in /app/public/wp-content/themes/StoreFront-Child/functions.php on line 3
[15-Jan-2018 15:12:51 UTC] PHP Warning:  require_once(): http:// wrapper is disabled in the server configuration by allow_url_include=0 in /app/public/wp-content/themes/StoreFront-Child/functions.php on line 3
[15-Jan-2018 15:12:51 UTC] PHP Warning:  require_once(http://tentacaosexy.wp/wp-content/themes/storefront/inc/yd_template_functions.php): failed to open stream: no suitable wrapper could be found in /app/public/wp-content/themes/StoreFront-Child/functions.php on line 3
[15-Jan-2018 15:12:51 UTC] PHP Fatal error:  require_once(): Failed opening required 'http://tentacaosexy.wp/wp-content/themes/storefront/inc/yd_template_functions.php' (include_path='.:/usr/share/php:/www/wp-content/pear') in /app/public/wp-content/themes/StoreFront-Child/functions.php on line 3
[15-Jan-2018 15:17:19 UTC] PHP Warning:  require_once(): http:// wrapper is disabled in the server configuration by allow_url_include=0 in /app/public/wp-content/themes/StoreFront-Child/functions.php on line 3
[15-Jan-2018 15:17:19 UTC] PHP Warning:  require_once(http://tentacaosexy.wp/wp-content/themes/StoreFront-Child/inc/yd_template_functions.php): failed to open stream: no suitable wrapper could be found in /app/public/wp-content/themes/StoreFront-Child/functions.php on line 3
[15-Jan-2018 15:17:19 UTC] PHP Fatal error:  require_once(): Failed opening required 'http://tentacaosexy.wp/wp-content/themes/StoreFront-Child/inc/yd_template_functions.php' (include_path='.:/usr/share/php:/www/wp-content/pear') in /app/public/wp-content/themes/StoreFront-Child/functions.php on line 3
[15-Jan-2018 15:18:14 UTC] PHP Warning:  require_once(): http:// wrapper is disabled in the server configuration by allow_url_include=0 in /app/public/wp-content/themes/StoreFront-Child/functions.php on line 3
[15-Jan-2018 15:18:14 UTC] PHP Warning:  require_once(http://tentacaosexy.wp/wp-content/themes/StoreFront-Child/inc/yd_template_functions.php): failed to open stream: no suitable wrapper could be found in /app/public/wp-content/themes/StoreFront-Child/functions.php on line 3
[15-Jan-2018 15:18:14 UTC] PHP Fatal error:  require_once(): Failed opening required 'http://tentacaosexy.wp/wp-content/themes/StoreFront-Child/inc/yd_template_functions.php' (include_path='.:/usr/share/php:/www/wp-content/pear') in /app/public/wp-content/themes/StoreFront-Child/functions.php on line 3
[15-Jan-2018 15:19:14 UTC] PHP Warning:  require_once(): http:// wrapper is disabled in the server configuration by allow_url_include=0 in /app/public/wp-content/themes/StoreFront-Child/functions.php on line 3
[15-Jan-2018 15:19:14 UTC] PHP Warning:  require_once(http://tentacaosexy.wp/wp-content/themes/StoreFront-Child/inc/yd_template_functions.php): failed to open stream: no suitable wrapper could be found in /app/public/wp-content/themes/StoreFront-Child/functions.php on line 3
[15-Jan-2018 15:19:14 UTC] PHP Fatal error:  require_once(): Failed opening required 'http://tentacaosexy.wp/wp-content/themes/StoreFront-Child/inc/yd_template_functions.php' (include_path='.:/usr/share/php:/www/wp-content/pear') in /app/public/wp-content/themes/StoreFront-Child/functions.php on line 3
[15-Jan-2018 15:22:31 UTC] PHP Parse error:  syntax error, unexpected 'echo' (T_ECHO) in /app/public/wp-content/themes/StoreFront-Child/inc/yd_template_functions.php on line 7
[15-Jan-2018 15:23:14 UTC] PHP Parse error:  syntax error, unexpected 'echo' (T_ECHO) in /app/public/wp-content/themes/StoreFront-Child/inc/yd_template_functions.php on line 7
[15-Jan-2018 15:34:31 UTC] PHP Parse error:  syntax error, unexpected 'wp_enqueue_scripts' (T_STRING), expecting ',' or ')' in /app/public/wp-content/themes/StoreFront-Child/functions.php on line 2
[15-Jan-2018 16:05:02 UTC] PHP Parse error:  syntax error, unexpected '<' in /app/public/wp-content/themes/StoreFront-Child/functions.php on line 37
[15-Jan-2018 16:24:01 UTC] PHP Warning:  call_user_func_array() expects parameter 1 to be a valid callback, function 'theme_scripts' not found or invalid function name in /app/public/wp-includes/class-wp-hook.php on line 286
[15-Jan-2018 16:24:11 UTC] PHP Warning:  call_user_func_array() expects parameter 1 to be a valid callback, function 'theme_scripts' not found or invalid function name in /app/public/wp-includes/class-wp-hook.php on line 286
[15-Jan-2018 16:24:12 UTC] PHP Warning:  call_user_func_array() expects parameter 1 to be a valid callback, function 'theme_scripts' not found or invalid function name in /app/public/wp-includes/class-wp-hook.php on line 286
[15-Jan-2018 16:24:12 UTC] PHP Warning:  call_user_func_array() expects parameter 1 to be a valid callback, function 'theme_scripts' not found or invalid function name in /app/public/wp-includes/class-wp-hook.php on line 286
[15-Jan-2018 16:24:19 UTC] PHP Warning:  call_user_func_array() expects parameter 1 to be a valid callback, function 'theme_scripts' not found or invalid function name in /app/public/wp-includes/class-wp-hook.php on line 286
[15-Jan-2018 16:24:20 UTC] PHP Warning:  call_user_func_array() expects parameter 1 to be a valid callback, function 'theme_scripts' not found or invalid function name in /app/public/wp-includes/class-wp-hook.php on line 286
[15-Jan-2018 16:24:22 UTC] PHP Warning:  call_user_func_array() expects parameter 1 to be a valid callback, function 'theme_scripts' not found or invalid function name in /app/public/wp-includes/class-wp-hook.php on line 286
[15-Jan-2018 16:26:27 UTC] PHP Warning:  call_user_func_array() expects parameter 1 to be a valid callback, function 'theme_scripts' not found or invalid function name in /app/public/wp-includes/class-wp-hook.php on line 286
[15-Jan-2018 16:26:30 UTC] PHP Warning:  call_user_func_array() expects parameter 1 to be a valid callback, function 'theme_scripts' not found or invalid function name in /app/public/wp-includes/class-wp-hook.php on line 286
[15-Jan-2018 16:26:43 UTC] PHP Warning:  call_user_func_array() expects parameter 1 to be a valid callback, function 'theme_scripts' not found or invalid function name in /app/public/wp-includes/class-wp-hook.php on line 286
[15-Jan-2018 16:26:54 UTC] PHP Warning:  call_user_func_array() expects parameter 1 to be a valid callback, function 'theme_scripts' not found or invalid function name in /app/public/wp-includes/class-wp-hook.php on line 286
[15-Jan-2018 16:27:20 UTC] PHP Warning:  call_user_func_array() expects parameter 1 to be a valid callback, function 'theme_scripts' not found or invalid function name in /app/public/wp-includes/class-wp-hook.php on line 286
[15-Jan-2018 17:11:27 UTC] PHP Fatal error:  Uncaught Error: Class 'Odin_Bootstrap_Nav_Walker' not found in /app/public/wp-content/themes/StoreFront-Child/inc/yd_template_functions.php:28
Stack trace:
#0 /app/public/wp-includes/class-wp-hook.php(286): yd_header_function('')
#1 /app/public/wp-includes/class-wp-hook.php(310): WP_Hook->apply_filters('', Array)
#2 /app/public/wp-includes/plugin.php(453): WP_Hook->do_action(Array)
#3 /app/public/wp-content/themes/StoreFront-Child/header.php(51): do_action('yd_header')
#4 /app/public/wp-includes/template.php(688): require_once('/app/public/wp-...')
#5 /app/public/wp-includes/template.php(647): load_template('/app/public/wp-...', true)
#6 /app/public/wp-includes/general-template.php(41): locate_template(Array, true)
#7 /app/public/wp-content/themes/storefront/404.php(8): get_header()
#8 /app/public/wp-includes/template-loader.php(74): include('/app/public/wp-...')
#9 /app/public/wp-blog-header.php(19): require_once('/app/public/wp-...')
#10 /app/public/index.php(17): require('/app/public/wp-...')
#11 {main}
   in /app/public/wp-content/themes/StoreFront-Child/inc/yd_template_functions.php on line 28
[15-Jan-2018 17:11:27 UTC] PHP Fatal error:  Uncaught Error: Class 'Odin_Bootstrap_Nav_Walker' not found in /app/public/wp-content/themes/StoreFront-Child/inc/yd_template_functions.php:28
Stack trace:
#0 /app/public/wp-includes/class-wp-hook.php(286): yd_header_function('')
#1 /app/public/wp-includes/class-wp-hook.php(310): WP_Hook->apply_filters('', Array)
#2 /app/public/wp-includes/plugin.php(453): WP_Hook->do_action(Array)
#3 /app/public/wp-content/themes/StoreFront-Child/header.php(51): do_action('yd_header')
#4 /app/public/wp-includes/template.php(688): require_once('/app/public/wp-...')
#5 /app/public/wp-includes/template.php(647): load_template('/app/public/wp-...', true)
#6 /app/public/wp-includes/general-template.php(41): locate_template(Array, true)
#7 /app/public/wp-content/plugins/woocommerce/templates/archive-product.php(23): get_header('shop')
#8 /app/public/wp-includes/template-loader.php(74): include('/app/public/wp-...')
#9 /app/public/wp-blog-header.php(19): require_once('/app/public/wp-...')
#10 /app/public/index.php(17): require('/ap in /app/public/wp-content/themes/StoreFront-Child/inc/yd_template_functions.php on line 28
[15-Jan-2018 17:11:29 UTC] PHP Fatal error:  Uncaught Error: Class 'Odin_Bootstrap_Nav_Walker' not found in /app/public/wp-content/themes/StoreFront-Child/inc/yd_template_functions.php:28
Stack trace:
#0 /app/public/wp-includes/class-wp-hook.php(286): yd_header_function('')
#1 /app/public/wp-includes/class-wp-hook.php(310): WP_Hook->apply_filters('', Array)
#2 /app/public/wp-includes/plugin.php(453): WP_Hook->do_action(Array)
#3 /app/public/wp-content/themes/StoreFront-Child/header.php(51): do_action('yd_header')
#4 /app/public/wp-includes/template.php(688): require_once('/app/public/wp-...')
#5 /app/public/wp-includes/template.php(647): load_template('/app/public/wp-...', true)
#6 /app/public/wp-includes/general-template.php(41): locate_template(Array, true)
#7 /app/public/wp-content/plugins/woocommerce/templates/archive-product.php(23): get_header('shop')
#8 /app/public/wp-includes/template-loader.php(74): include('/app/public/wp-...')
#9 /app/public/wp-blog-header.php(19): require_once('/app/public/wp-...')
#10 /app/public/index.php(17): require('/ap in /app/public/wp-content/themes/StoreFront-Child/inc/yd_template_functions.php on line 28
[15-Jan-2018 17:11:45 UTC] PHP Fatal error:  Uncaught Error: Class 'Odin_Bootstrap_Nav_Walker' not found in /app/public/wp-content/themes/StoreFront-Child/inc/yd_template_functions.php:28
Stack trace:
#0 /app/public/wp-includes/class-wp-hook.php(286): yd_header_function('')
#1 /app/public/wp-includes/class-wp-hook.php(310): WP_Hook->apply_filters('', Array)
#2 /app/public/wp-includes/plugin.php(453): WP_Hook->do_action(Array)
#3 /app/public/wp-content/themes/StoreFront-Child/header.php(51): do_action('yd_header')
#4 /app/public/wp-includes/template.php(688): require_once('/app/public/wp-...')
#5 /app/public/wp-includes/template.php(647): load_template('/app/public/wp-...', true)
#6 /app/public/wp-includes/general-template.php(41): locate_template(Array, true)
#7 /app/public/wp-content/plugins/woocommerce/templates/archive-product.php(23): get_header('shop')
#8 /app/public/wp-includes/template-loader.php(74): include('/app/public/wp-...')
#9 /app/public/wp-blog-header.php(19): require_once('/app/public/wp-...')
#10 /app/public/index.php(17): require('/ap in /app/public/wp-content/themes/StoreFront-Child/inc/yd_template_functions.php on line 28
[15-Jan-2018 17:11:50 UTC] PHP Fatal error:  Uncaught Error: Class 'Odin_Bootstrap_Nav_Walker' not found in /app/public/wp-content/themes/StoreFront-Child/inc/yd_template_functions.php:28
Stack trace:
#0 /app/public/wp-includes/class-wp-hook.php(286): yd_header_function('')
#1 /app/public/wp-includes/class-wp-hook.php(310): WP_Hook->apply_filters('', Array)
#2 /app/public/wp-includes/plugin.php(453): WP_Hook->do_action(Array)
#3 /app/public/wp-content/themes/StoreFront-Child/header.php(51): do_action('yd_header')
#4 /app/public/wp-includes/template.php(688): require_once('/app/public/wp-...')
#5 /app/public/wp-includes/template.php(647): load_template('/app/public/wp-...', true)
#6 /app/public/wp-includes/general-template.php(41): locate_template(Array, true)
#7 /app/public/wp-content/plugins/woocommerce/templates/archive-product.php(23): get_header('shop')
#8 /app/public/wp-includes/template-loader.php(74): include('/app/public/wp-...')
#9 /app/public/wp-blog-header.php(19): require_once('/app/public/wp-...')
#10 /app/public/index.php(17): require('/ap in /app/public/wp-content/themes/StoreFront-Child/inc/yd_template_functions.php on line 28
[16-Jan-2018 16:18:12 UTC] PHP Notice:  Undefined index: SERVER_SOFTWARE in phar:///usr/local/bin/wp/php/WP_CLI/Runner.php(1020) : eval()'d code on line 75
[16-Jan-2018 16:18:12 UTC] PHP Notice:  Undefined index: SERVER_SOFTWARE in phar:///usr/local/bin/wp/php/WP_CLI/Runner.php(1020) : eval()'d code on line 75
[16-Jan-2018 16:18:12 UTC] PHP Notice:  Undefined index: SERVER_SOFTWARE in phar:///usr/local/bin/wp/php/WP_CLI/Runner.php(1020) : eval()'d code on line 75
[16-Jan-2018 16:18:13 UTC] PHP Notice:  Undefined index: SERVER_SOFTWARE in phar:///usr/local/bin/wp/php/WP_CLI/Runner.php(1020) : eval()'d code on line 75
[16-Jan-2018 18:25:11 UTC] PHP Parse error:  syntax error, unexpected '<' in /app/public/wp-content/themes/StoreFront-Child/functions.php on line 63
[16-Jan-2018 18:25:50 UTC] PHP Parse error:  syntax error, unexpected '<' in /app/public/wp-content/themes/StoreFront-Child/functions.php on line 63
[16-Jan-2018 18:26:10 UTC] PHP Parse error:  syntax error, unexpected end of file in /app/public/wp-content/themes/StoreFront-Child/functions.php on line 213
[16-Jan-2018 18:26:30 UTC] PHP Fatal error:  Uncaught Error: Class 'Odin_Bootstrap_Nav_Walker' not found in /app/public/wp-content/themes/StoreFront-Child/functions.php:154
Stack trace:
#0 /app/public/wp-includes/class-wp-hook.php(286): menu_preto('')
#1 /app/public/wp-includes/class-wp-hook.php(310): WP_Hook->apply_filters('', Array)
#2 /app/public/wp-includes/plugin.php(453): WP_Hook->do_action(Array)
#3 /app/public/wp-content/themes/storefront/header.php(23): do_action('storefront_befo...')
#4 /app/public/wp-includes/template.php(688): require_once('/app/public/wp-...')
#5 /app/public/wp-includes/template.php(647): load_template('/app/public/wp-...', true)
#6 /app/public/wp-includes/general-template.php(41): locate_template(Array, true)
#7 /app/public/wp-content/themes/StoreFront-Child/woocommerce.php(13): get_header()
#8 /app/public/wp-includes/template-loader.php(74): include('/app/public/wp-...')
#9 /app/public/wp-blog-header.php(19): require_once('/app/public/wp-...')
#10 /app/public/index.php(17): require('/app/public/wp-...')
#11 {main}
  throw in /app/public/wp-content/themes/StoreFront-Child/functions.php on line 154
[16-Jan-2018 18:26:32 UTC] PHP Fatal error:  Uncaught Error: Class 'Odin_Bootstrap_Nav_Walker' not found in /app/public/wp-content/themes/StoreFront-Child/functions.php:154
Stack trace:
#0 /app/public/wp-includes/class-wp-hook.php(286): menu_preto('')
#1 /app/public/wp-includes/class-wp-hook.php(310): WP_Hook->apply_filters('', Array)
#2 /app/public/wp-includes/plugin.php(453): WP_Hook->do_action(Array)
#3 /app/public/wp-content/themes/storefront/header.php(23): do_action('storefront_befo...')
#4 /app/public/wp-includes/template.php(688): require_once('/app/public/wp-...')
#5 /app/public/wp-includes/template.php(647): load_template('/app/public/wp-...', true)
#6 /app/public/wp-includes/general-template.php(41): locate_template(Array, true)
#7 /app/public/wp-content/themes/storefront/404.php(8): get_header()
#8 /app/public/wp-includes/template-loader.php(74): include('/app/public/wp-...')
#9 /app/public/wp-blog-header.php(19): require_once('/app/public/wp-...')
#10 /app/public/index.php(17): require('/app/public/wp-...')
#11 {main}
  thrown in /app/public/wp-content/themes/StoreFront-Child/functions.php on line 154
