2017-12-27 22:48:02 27 [Warning] Using unique option prefix myisam-recover instead of myisam-recover-options is deprecated and will be removed in a future release. Please use the full name instead.
2017-12-27 22:48:02 27 [Note] Plugin 'FEDERATED' is disabled.
2017-12-27 22:48:02 27 [Note] InnoDB: Using atomics to ref count buffer pool pages
2017-12-27 22:48:02 27 [Note] InnoDB: The InnoDB memory heap is disabled
2017-12-27 22:48:02 27 [Note] InnoDB: Mutexes and rw_locks use GCC atomic builtins
2017-12-27 22:48:02 27 [Note] InnoDB: Memory barrier is not used
2017-12-27 22:48:02 27 [Note] InnoDB: Compressed tables use zlib 1.2.3
2017-12-27 22:48:02 27 [Note] InnoDB: Using Linux native AIO
2017-12-27 22:48:02 27 [Note] InnoDB: Using CPU crc32 instructions
2017-12-27 22:48:02 27 [Note] InnoDB: Initializing buffer pool, size = 32.0M
2017-12-27 22:48:02 27 [Note] InnoDB: Completed initialization of buffer pool
2017-12-27 22:48:02 27 [Note] InnoDB: Highest supported file format is Barracuda.
2017-12-27 22:48:02 27 [Note] InnoDB: The log sequence numbers 1625987 and 1625987 in ibdata files do not match the log sequence number 1625997 in the ib_logfiles!
2017-12-27 22:48:02 27 [Note] InnoDB: Database was not shutdown normally!
2017-12-27 22:48:02 27 [Note] InnoDB: Starting crash recovery.
2017-12-27 22:48:02 27 [Note] InnoDB: Reading tablespace information from the .ibd files...
2017-12-27 22:48:02 27 [Note] InnoDB: Restoring possible half-written data pages 
2017-12-27 22:48:02 27 [Note] InnoDB: from the doublewrite buffer...
2017-12-27 22:48:03 27 [Note] InnoDB: 128 rollback segment(s) are active.
2017-12-27 22:48:03 27 [Note] InnoDB: Waiting for purge to start
2017-12-27 22:48:03 27 [Note] InnoDB: 5.6.37 started; log sequence number 1625997
2017-12-27 22:48:03 27 [Note] Server hostname (bind-address): '*'; port: 3306
2017-12-27 22:48:03 27 [Note] IPv6 is available.
2017-12-27 22:48:03 27 [Note]   - '::' resolves to '::';
2017-12-27 22:48:03 27 [Note] Server socket created on IP: '::'.
2017-12-27 22:48:03 27 [ERROR] /usr/sbin/mysqld: Table './mysql/user' is marked as crashed and should be repaired
2017-12-27 22:48:03 27 [Warning] Checking table:   './mysql/user'
2017-12-27 22:48:03 27 [ERROR] 1 client is using or hasn't closed the table properly
2017-12-27 22:48:03 27 [Warning] 'user' entry 'root@e24d0b5cccc1' ignored in --skip-name-resolve mode.
2017-12-27 22:48:03 27 [Warning] 'user' entry '@e24d0b5cccc1' ignored in --skip-name-resolve mode.
2017-12-27 22:48:03 27 [Warning] 'proxies_priv' entry '@ root@e24d0b5cccc1' ignored in --skip-name-resolve mode.
2017-12-27 22:48:03 27 [Note] Event Scheduler: Loaded 0 events
2017-12-27 22:48:03 27 [Note] /usr/sbin/mysqld: ready for connections.
Version: '5.6.37'  socket: '/var/run/mysqld/mysqld.sock'  port: 3306  MySQL Community Server (GPL)
2017-12-28 03:21:40 49 [Warning] Using unique option prefix myisam-recover instead of myisam-recover-options is deprecated and will be removed in a future release. Please use the full name instead.
2017-12-28 03:21:40 49 [Note] Plugin 'FEDERATED' is disabled.
2017-12-28 03:21:40 49 [Note] InnoDB: Using atomics to ref count buffer pool pages
2017-12-28 03:21:40 49 [Note] InnoDB: The InnoDB memory heap is disabled
2017-12-28 03:21:40 49 [Note] InnoDB: Mutexes and rw_locks use GCC atomic builtins
2017-12-28 03:21:40 49 [Note] InnoDB: Memory barrier is not used
2017-12-28 03:21:40 49 [Note] InnoDB: Compressed tables use zlib 1.2.3
2017-12-28 03:21:40 49 [Note] InnoDB: Using Linux native AIO
2017-12-28 03:21:40 49 [Note] InnoDB: Using CPU crc32 instructions
2017-12-28 03:21:40 49 [Note] InnoDB: Initializing buffer pool, size = 32.0M
2017-12-28 03:21:40 49 [Note] InnoDB: Completed initialization of buffer pool
2017-12-28 03:21:40 49 [Note] InnoDB: Highest supported file format is Barracuda.
2017-12-28 03:21:40 49 [Note] InnoDB: The log sequence numbers 1625987 and 1625987 in ibdata files do not match the log sequence number 5539573 in the ib_logfiles!
2017-12-28 03:21:40 49 [Note] InnoDB: Database was not shutdown normally!
2017-12-28 03:21:40 49 [Note] InnoDB: Starting crash recovery.
2017-12-28 03:21:40 49 [Note] InnoDB: Reading tablespace information from the .ibd files...
2017-12-28 03:21:40 49 [Note] InnoDB: Restoring possible half-written data pages 
2017-12-28 03:21:40 49 [Note] InnoDB: from the doublewrite buffer...
2017-12-28 03:21:41 49 [Note] InnoDB: 128 rollback segment(s) are active.
2017-12-28 03:21:41 49 [Note] InnoDB: Waiting for purge to start
2017-12-28 03:21:41 49 [Note] InnoDB: 5.6.37 started; log sequence number 5539573
2017-12-28 03:21:41 49 [Note] Server hostname (bind-address): '*'; port: 3306
2017-12-28 03:21:41 49 [Note] IPv6 is available.
2017-12-28 03:21:41 49 [Note]   - '::' resolves to '::';
2017-12-28 03:21:41 49 [Note] Server socket created on IP: '::'.
2017-12-28 03:21:41 49 [Warning] 'user' entry 'root@e24d0b5cccc1' ignored in --skip-name-resolve mode.
2017-12-28 03:21:41 49 [Warning] 'user' entry '@e24d0b5cccc1' ignored in --skip-name-resolve mode.
2017-12-28 03:21:41 49 [Warning] 'proxies_priv' entry '@ root@e24d0b5cccc1' ignored in --skip-name-resolve mode.
2017-12-28 03:21:41 49 [Note] Event Scheduler: Loaded 0 events
2017-12-28 03:21:41 49 [Note] /usr/sbin/mysqld: ready for connections.
Version: '5.6.37'  socket: '/var/run/mysqld/mysqld.sock'  port: 3306  MySQL Community Server (GPL)
2018-01-09 21:50:36 38 [Warning] Using unique option prefix myisam-recover instead of myisam-recover-options is deprecated and will be removed in a future release. Please use the full name instead.
2018-01-09 21:50:36 38 [Note] Plugin 'FEDERATED' is disabled.
2018-01-09 21:50:36 38 [Note] InnoDB: Using atomics to ref count buffer pool pages
2018-01-09 21:50:36 38 [Note] InnoDB: The InnoDB memory heap is disabled
2018-01-09 21:50:36 38 [Note] InnoDB: Mutexes and rw_locks use GCC atomic builtins
2018-01-09 21:50:36 38 [Note] InnoDB: Memory barrier is not used
2018-01-09 21:50:36 38 [Note] InnoDB: Compressed tables use zlib 1.2.3
2018-01-09 21:50:36 38 [Note] InnoDB: Using Linux native AIO
2018-01-09 21:50:36 38 [Note] InnoDB: Using CPU crc32 instructions
2018-01-09 21:50:36 38 [Note] InnoDB: Initializing buffer pool, size = 32.0M
2018-01-09 21:50:36 38 [Note] InnoDB: Completed initialization of buffer pool
2018-01-09 21:50:36 38 [Note] InnoDB: Highest supported file format is Barracuda.
2018-01-09 21:50:36 38 [Note] InnoDB: The log sequence numbers 1625987 and 1625987 in ibdata files do not match the log sequence number 5543014 in the ib_logfiles!
2018-01-09 21:50:36 38 [Note] InnoDB: Database was not shutdown normally!
2018-01-09 21:50:36 38 [Note] InnoDB: Starting crash recovery.
2018-01-09 21:50:36 38 [Note] InnoDB: Reading tablespace information from the .ibd files...
2018-01-09 21:50:36 38 [Note] InnoDB: Restoring possible half-written data pages 
2018-01-09 21:50:36 38 [Note] InnoDB: from the doublewrite buffer...
2018-01-09 21:50:37 38 [Note] InnoDB: 128 rollback segment(s) are active.
2018-01-09 21:50:37 38 [Note] InnoDB: Waiting for purge to start
2018-01-09 21:50:37 38 [Note] InnoDB: 5.6.37 started; log sequence number 5543014
2018-01-09 21:50:37 38 [Note] Server hostname (bind-address): '*'; port: 3306
2018-01-09 21:50:37 38 [Note] IPv6 is available.
2018-01-09 21:50:37 38 [Note]   - '::' resolves to '::';
2018-01-09 21:50:37 38 [Note] Server socket created on IP: '::'.
2018-01-09 21:50:37 38 [Warning] 'user' entry 'root@e24d0b5cccc1' ignored in --skip-name-resolve mode.
2018-01-09 21:50:37 38 [Warning] 'user' entry '@e24d0b5cccc1' ignored in --skip-name-resolve mode.
2018-01-09 21:50:37 38 [Warning] 'proxies_priv' entry '@ root@e24d0b5cccc1' ignored in --skip-name-resolve mode.
2018-01-09 21:50:37 38 [Note] Event Scheduler: Loaded 0 events
2018-01-09 21:50:37 38 [Note] /usr/sbin/mysqld: ready for connections.
Version: '5.6.37'  socket: '/var/run/mysqld/mysqld.sock'  port: 3306  MySQL Community Server (GPL)
2018-01-09 23:39:11 43 [Warning] Using unique option prefix myisam-recover instead of myisam-recover-options is deprecated and will be removed in a future release. Please use the full name instead.
2018-01-09 23:39:11 43 [Note] Plugin 'FEDERATED' is disabled.
2018-01-09 23:39:11 43 [Note] InnoDB: Using atomics to ref count buffer pool pages
2018-01-09 23:39:11 43 [Note] InnoDB: The InnoDB memory heap is disabled
2018-01-09 23:39:11 43 [Note] InnoDB: Mutexes and rw_locks use GCC atomic builtins
2018-01-09 23:39:11 43 [Note] InnoDB: Memory barrier is not used
2018-01-09 23:39:11 43 [Note] InnoDB: Compressed tables use zlib 1.2.3
2018-01-09 23:39:11 43 [Note] InnoDB: Using Linux native AIO
2018-01-09 23:39:11 43 [Note] InnoDB: Using CPU crc32 instructions
2018-01-09 23:39:11 43 [Note] InnoDB: Initializing buffer pool, size = 32.0M
2018-01-09 23:39:11 43 [Note] InnoDB: Completed initialization of buffer pool
2018-01-09 23:39:11 43 [Note] InnoDB: Highest supported file format is Barracuda.
2018-01-09 23:39:11 43 [Note] InnoDB: The log sequence numbers 1625987 and 1625987 in ibdata files do not match the log sequence number 5832684 in the ib_logfiles!
2018-01-09 23:39:11 43 [Note] InnoDB: Database was not shutdown normally!
2018-01-09 23:39:11 43 [Note] InnoDB: Starting crash recovery.
2018-01-09 23:39:11 43 [Note] InnoDB: Reading tablespace information from the .ibd files...
2018-01-09 23:39:12 43 [Note] InnoDB: Restoring possible half-written data pages 
2018-01-09 23:39:12 43 [Note] InnoDB: from the doublewrite buffer...
2018-01-09 23:39:12 43 [Note] InnoDB: 128 rollback segment(s) are active.
2018-01-09 23:39:12 43 [Note] InnoDB: Waiting for purge to start
2018-01-09 23:39:12 43 [Note] InnoDB: 5.6.37 started; log sequence number 5832684
2018-01-09 23:39:12 43 [Note] Server hostname (bind-address): '*'; port: 3306
2018-01-09 23:39:12 43 [Note] IPv6 is available.
2018-01-09 23:39:12 43 [Note]   - '::' resolves to '::';
2018-01-09 23:39:12 43 [Note] Server socket created on IP: '::'.
2018-01-09 23:39:12 43 [Warning] 'user' entry 'root@e24d0b5cccc1' ignored in --skip-name-resolve mode.
2018-01-09 23:39:12 43 [Warning] 'user' entry '@e24d0b5cccc1' ignored in --skip-name-resolve mode.
2018-01-09 23:39:12 43 [Warning] 'proxies_priv' entry '@ root@e24d0b5cccc1' ignored in --skip-name-resolve mode.
2018-01-09 23:39:12 43 [Note] Event Scheduler: Loaded 0 events
2018-01-09 23:39:12 43 [Note] /usr/sbin/mysqld: ready for connections.
Version: '5.6.37'  socket: '/var/run/mysqld/mysqld.sock'  port: 3306  MySQL Community Server (GPL)
2018-01-10 23:00:44 45 [Warning] Using unique option prefix myisam-recover instead of myisam-recover-options is deprecated and will be removed in a future release. Please use the full name instead.
2018-01-10 23:00:44 45 [Note] Plugin 'FEDERATED' is disabled.
2018-01-10 23:00:44 45 [Note] InnoDB: Using atomics to ref count buffer pool pages
2018-01-10 23:00:44 45 [Note] InnoDB: The InnoDB memory heap is disabled
2018-01-10 23:00:44 45 [Note] InnoDB: Mutexes and rw_locks use GCC atomic builtins
2018-01-10 23:00:44 45 [Note] InnoDB: Memory barrier is not used
2018-01-10 23:00:44 45 [Note] InnoDB: Compressed tables use zlib 1.2.3
2018-01-10 23:00:44 45 [Note] InnoDB: Using Linux native AIO
2018-01-10 23:00:44 45 [Note] InnoDB: Using CPU crc32 instructions
2018-01-10 23:00:44 45 [Note] InnoDB: Initializing buffer pool, size = 32.0M
2018-01-10 23:00:44 45 [Note] InnoDB: Completed initialization of buffer pool
2018-01-10 23:00:44 45 [Note] InnoDB: Highest supported file format is Barracuda.
2018-01-10 23:00:44 45 [Note] InnoDB: The log sequence numbers 1625987 and 1625987 in ibdata files do not match the log sequence number 6237593 in the ib_logfiles!
2018-01-10 23:00:44 45 [Note] InnoDB: Database was not shutdown normally!
2018-01-10 23:00:44 45 [Note] InnoDB: Starting crash recovery.
2018-01-10 23:00:44 45 [Note] InnoDB: Reading tablespace information from the .ibd files...
2018-01-10 23:00:44 45 [Note] InnoDB: Restoring possible half-written data pages 
2018-01-10 23:00:44 45 [Note] InnoDB: from the doublewrite buffer...
2018-01-10 23:00:45 45 [Note] InnoDB: 128 rollback segment(s) are active.
2018-01-10 23:00:45 45 [Note] InnoDB: Waiting for purge to start
2018-01-10 23:00:45 45 [Note] InnoDB: 5.6.37 started; log sequence number 6237593
2018-01-10 23:00:45 45 [Note] Server hostname (bind-address): '*'; port: 3306
2018-01-10 23:00:45 45 [Note] IPv6 is available.
2018-01-10 23:00:45 45 [Note]   - '::' resolves to '::';
2018-01-10 23:00:45 45 [Note] Server socket created on IP: '::'.
2018-01-10 23:00:45 45 [Warning] 'user' entry 'root@e24d0b5cccc1' ignored in --skip-name-resolve mode.
2018-01-10 23:00:45 45 [Warning] 'user' entry '@e24d0b5cccc1' ignored in --skip-name-resolve mode.
2018-01-10 23:00:45 45 [Warning] 'proxies_priv' entry '@ root@e24d0b5cccc1' ignored in --skip-name-resolve mode.
2018-01-10 23:00:45 45 [Note] Event Scheduler: Loaded 0 events
2018-01-10 23:00:45 45 [Note] /usr/sbin/mysqld: ready for connections.
Version: '5.6.37'  socket: '/var/run/mysqld/mysqld.sock'  port: 3306  MySQL Community Server (GPL)
2018-01-10 23:08:20 44 [Warning] Using unique option prefix myisam-recover instead of myisam-recover-options is deprecated and will be removed in a future release. Please use the full name instead.
2018-01-10 23:08:20 44 [Note] Plugin 'FEDERATED' is disabled.
2018-01-10 23:08:20 44 [Note] InnoDB: Using atomics to ref count buffer pool pages
2018-01-10 23:08:20 44 [Note] InnoDB: The InnoDB memory heap is disabled
2018-01-10 23:08:20 44 [Note] InnoDB: Mutexes and rw_locks use GCC atomic builtins
2018-01-10 23:08:20 44 [Note] InnoDB: Memory barrier is not used
2018-01-10 23:08:20 44 [Note] InnoDB: Compressed tables use zlib 1.2.3
2018-01-10 23:08:20 44 [Note] InnoDB: Using Linux native AIO
2018-01-10 23:08:20 44 [Note] InnoDB: Using CPU crc32 instructions
2018-01-10 23:08:20 44 [Note] InnoDB: Initializing buffer pool, size = 32.0M
2018-01-10 23:08:20 44 [Note] InnoDB: Completed initialization of buffer pool
2018-01-10 23:08:20 44 [Note] InnoDB: Highest supported file format is Barracuda.
2018-01-10 23:08:20 44 [Note] InnoDB: Log scan progressed past the checkpoint lsn 6239048
2018-01-10 23:08:20 44 [Note] InnoDB: Database was not shutdown normally!
2018-01-10 23:08:20 44 [Note] InnoDB: Starting crash recovery.
2018-01-10 23:08:20 44 [Note] InnoDB: Reading tablespace information from the .ibd files...
2018-01-10 23:08:21 44 [Note] InnoDB: Restoring possible half-written data pages 
2018-01-10 23:08:21 44 [Note] InnoDB: from the doublewrite buffer...
InnoDB: Doing recovery: scanned up to log sequence number 6257070
2018-01-10 23:08:21 44 [Note] InnoDB: Starting an apply batch of log records to the database...
InnoDB: Progress in percent: 18 19 20 21 22 23 24 25 26 27 28 29 30 31 32 33 34 35 36 37 38 39 40 41 42 43 44 45 46 47 48 49 50 51 52 53 54 55 56 57 58 59 60 61 62 63 64 65 66 67 68 69 70 71 72 73 74 75 76 77 78 79 80 81 82 83 84 85 86 87 88 89 90 91 92 93 94 95 96 97 98 99 
InnoDB: Apply batch completed
2018-01-10 23:08:22 44 [Note] InnoDB: 128 rollback segment(s) are active.
2018-01-10 23:08:22 44 [Note] InnoDB: Waiting for purge to start
2018-01-10 23:08:22 44 [Note] InnoDB: 5.6.37 started; log sequence number 6257070
2018-01-10 23:08:22 44 [Note] Server hostname (bind-address): '*'; port: 3306
2018-01-10 23:08:22 44 [Note] IPv6 is available.
2018-01-10 23:08:22 44 [Note]   - '::' resolves to '::';
2018-01-10 23:08:22 44 [Note] Server socket created on IP: '::'.
2018-01-10 23:08:22 44 [Warning] 'user' entry 'root@e24d0b5cccc1' ignored in --skip-name-resolve mode.
2018-01-10 23:08:22 44 [Warning] 'user' entry '@e24d0b5cccc1' ignored in --skip-name-resolve mode.
2018-01-10 23:08:22 44 [Warning] 'proxies_priv' entry '@ root@e24d0b5cccc1' ignored in --skip-name-resolve mode.
2018-01-10 23:08:22 44 [Note] Event Scheduler: Loaded 0 events
2018-01-10 23:08:22 44 [Note] /usr/sbin/mysqld: ready for connections.
Version: '5.6.37'  socket: '/var/run/mysqld/mysqld.sock'  port: 3306  MySQL Community Server (GPL)
2018-01-10 23:17:56 50 [Warning] Using unique option prefix myisam-recover instead of myisam-recover-options is deprecated and will be removed in a future release. Please use the full name instead.
2018-01-10 23:17:56 50 [Note] Plugin 'FEDERATED' is disabled.
2018-01-10 23:17:56 50 [Note] InnoDB: Using atomics to ref count buffer pool pages
2018-01-10 23:17:56 50 [Note] InnoDB: The InnoDB memory heap is disabled
2018-01-10 23:17:56 50 [Note] InnoDB: Mutexes and rw_locks use GCC atomic builtins
2018-01-10 23:17:56 50 [Note] InnoDB: Memory barrier is not used
2018-01-10 23:17:56 50 [Note] InnoDB: Compressed tables use zlib 1.2.3
2018-01-10 23:17:56 50 [Note] InnoDB: Using Linux native AIO
2018-01-10 23:17:56 50 [Note] InnoDB: Using CPU crc32 instructions
2018-01-10 23:17:56 50 [Note] InnoDB: Initializing buffer pool, size = 32.0M
2018-01-10 23:17:56 50 [Note] InnoDB: Completed initialization of buffer pool
2018-01-10 23:17:56 50 [Note] InnoDB: Highest supported file format is Barracuda.
2018-01-10 23:17:56 50 [Note] InnoDB: The log sequence numbers 1625987 and 1625987 in ibdata files do not match the log sequence number 1625997 in the ib_logfiles!
2018-01-10 23:17:56 50 [Note] InnoDB: Database was not shutdown normally!
2018-01-10 23:17:56 50 [Note] InnoDB: Starting crash recovery.
2018-01-10 23:17:56 50 [Note] InnoDB: Reading tablespace information from the .ibd files...
2018-01-10 23:17:56 50 [Note] InnoDB: Restoring possible half-written data pages 
2018-01-10 23:17:56 50 [Note] InnoDB: from the doublewrite buffer...
2018-01-10 23:17:56 50 [Note] InnoDB: 128 rollback segment(s) are active.
2018-01-10 23:17:56 50 [Note] InnoDB: Waiting for purge to start
2018-01-10 23:17:56 50 [Note] InnoDB: 5.6.37 started; log sequence number 1625997
2018-01-10 23:17:56 50 [Note] Server hostname (bind-address): '*'; port: 3306
2018-01-10 23:17:56 50 [Note] IPv6 is available.
2018-01-10 23:17:56 50 [Note]   - '::' resolves to '::';
2018-01-10 23:17:56 50 [Note] Server socket created on IP: '::'.
2018-01-10 23:17:56 50 [ERROR] /usr/sbin/mysqld: Table './mysql/user' is marked as crashed and should be repaired
2018-01-10 23:17:56 50 [Warning] Checking table:   './mysql/user'
2018-01-10 23:17:56 50 [ERROR] 1 client is using or hasn't closed the table properly
2018-01-10 23:17:56 50 [Warning] 'user' entry 'root@e24d0b5cccc1' ignored in --skip-name-resolve mode.
2018-01-10 23:17:56 50 [Warning] 'user' entry '@e24d0b5cccc1' ignored in --skip-name-resolve mode.
2018-01-10 23:17:56 50 [Warning] 'proxies_priv' entry '@ root@e24d0b5cccc1' ignored in --skip-name-resolve mode.
2018-01-10 23:17:56 50 [Note] Event Scheduler: Loaded 0 events
2018-01-10 23:17:56 50 [Note] /usr/sbin/mysqld: ready for connections.
Version: '5.6.37'  socket: '/var/run/mysqld/mysqld.sock'  port: 3306  MySQL Community Server (GPL)
2018-01-11 02:53:14 44 [Warning] Using unique option prefix myisam-recover instead of myisam-recover-options is deprecated and will be removed in a future release. Please use the full name instead.
2018-01-11 02:53:14 44 [Note] Plugin 'FEDERATED' is disabled.
2018-01-11 02:53:14 44 [Note] InnoDB: Using atomics to ref count buffer pool pages
2018-01-11 02:53:14 44 [Note] InnoDB: The InnoDB memory heap is disabled
2018-01-11 02:53:14 44 [Note] InnoDB: Mutexes and rw_locks use GCC atomic builtins
2018-01-11 02:53:14 44 [Note] InnoDB: Memory barrier is not used
2018-01-11 02:53:14 44 [Note] InnoDB: Compressed tables use zlib 1.2.3
2018-01-11 02:53:14 44 [Note] InnoDB: Using Linux native AIO
2018-01-11 02:53:14 44 [Note] InnoDB: Using CPU crc32 instructions
2018-01-11 02:53:14 44 [Note] InnoDB: Initializing buffer pool, size = 32.0M
2018-01-11 02:53:14 44 [Note] InnoDB: Completed initialization of buffer pool
2018-01-11 02:53:14 44 [Note] InnoDB: Highest supported file format is Barracuda.
2018-01-11 02:53:14 44 [Note] InnoDB: The log sequence numbers 1625987 and 1625987 in ibdata files do not match the log sequence number 3030625 in the ib_logfiles!
2018-01-11 02:53:14 44 [Note] InnoDB: Database was not shutdown normally!
2018-01-11 02:53:14 44 [Note] InnoDB: Starting crash recovery.
2018-01-11 02:53:14 44 [Note] InnoDB: Reading tablespace information from the .ibd files...
2018-01-11 02:53:14 44 [Note] InnoDB: Restoring possible half-written data pages 
2018-01-11 02:53:14 44 [Note] InnoDB: from the doublewrite buffer...
2018-01-11 02:53:14 44 [Note] InnoDB: 128 rollback segment(s) are active.
2018-01-11 02:53:14 44 [Note] InnoDB: Waiting for purge to start
2018-01-11 02:53:14 44 [Note] InnoDB: 5.6.37 started; log sequence number 3030625
2018-01-11 02:53:14 44 [Note] Server hostname (bind-address): '*'; port: 3306
2018-01-11 02:53:14 44 [Note] IPv6 is available.
2018-01-11 02:53:14 44 [Note]   - '::' resolves to '::';
2018-01-11 02:53:14 44 [Note] Server socket created on IP: '::'.
2018-01-11 02:53:14 44 [Warning] 'user' entry 'root@e24d0b5cccc1' ignored in --skip-name-resolve mode.
2018-01-11 02:53:14 44 [Warning] 'user' entry '@e24d0b5cccc1' ignored in --skip-name-resolve mode.
2018-01-11 02:53:14 44 [Warning] 'proxies_priv' entry '@ root@e24d0b5cccc1' ignored in --skip-name-resolve mode.
2018-01-11 02:53:14 44 [Note] Event Scheduler: Loaded 0 events
2018-01-11 02:53:14 44 [Note] /usr/sbin/mysqld: ready for connections.
Version: '5.6.37'  socket: '/var/run/mysqld/mysqld.sock'  port: 3306  MySQL Community Server (GPL)
